[    0.000000] Linux version 4.15.0-135-generic (buildd@lgw01-amd64-005) (gcc version 7.5.0 (Ubuntu 7.5.0-3ubuntu1~18.04)) #139-Ubuntu SMP Mon Jan 18 17:38:24 UTC 2021 (Ubuntu 4.15.0-135.139-generic 4.15.18)
[    0.000000] Command line: BOOT_IMAGE=/boot/vmlinuz-4.15.0-135-generic root=LABEL=cloudimg-rootfs ro console=tty1 console=ttyS0
[    0.000000] KERNEL supported cpus:
[    0.000000]   Intel GenuineIntel
[    0.000000]   AMD AuthenticAMD
[    0.000000]   Centaur CentaurHauls
[    0.000000] x86/fpu: Supporting XSAVE feature 0x001: 'x87 floating point registers'
[    0.000000] x86/fpu: Supporting XSAVE feature 0x002: 'SSE registers'
[    0.000000] x86/fpu: Supporting XSAVE feature 0x004: 'AVX registers'
[    0.000000] x86/fpu: xstate_offset[2]:  576, xstate_sizes[2]:  256
[    0.000000] x86/fpu: Enabled xstate features 0x7, context size is 832 bytes, using 'standard' format.
[    0.000000] e820: BIOS-provided physical RAM map:
[    0.000000] BIOS-e820: [mem 0x0000000000000000-0x000000000009fbff] usable
[    0.000000] BIOS-e820: [mem 0x000000000009fc00-0x000000000009ffff] reserved
[    0.000000] BIOS-e820: [mem 0x00000000000f0000-0x00000000000fffff] reserved
[    0.000000] BIOS-e820: [mem 0x0000000000100000-0x000000003ffeffff] usable
[    0.000000] BIOS-e820: [mem 0x000000003fff0000-0x000000003fffffff] ACPI data
[    0.000000] BIOS-e820: [mem 0x00000000fec00000-0x00000000fec00fff] reserved
[    0.000000] BIOS-e820: [mem 0x00000000fee00000-0x00000000fee00fff] reserved
[    0.000000] BIOS-e820: [mem 0x00000000fffc0000-0x00000000ffffffff] reserved
[    0.000000] NX (Execute Disable) protection: active
[    0.000000] SMBIOS 2.5 present.
[    0.000000] DMI: innotek GmbH VirtualBox/VirtualBox, BIOS VirtualBox 12/01/2006
[    0.000000] Hypervisor detected: KVM
[    0.000000] e820: last_pfn = 0x3fff0 max_arch_pfn = 0x400000000
[    0.000000] MTRR: Disabled
[    0.000000] x86/PAT: MTRRs disabled, skipping PAT initialization too.
[    0.000000] CPU MTRRs all blank - virtualized system.
[    0.000000] x86/PAT: Configuration [0-7]: WB  WT  UC- UC  WB  WT  UC- UC  
[    0.000000] found SMP MP-table at [mem 0x0009fff0-0x0009ffff]
[    0.000000] Scanning 1 areas for low memory corruption
[    0.000000] RAMDISK: [mem 0x35a63000-0x36d28fff]
[    0.000000] ACPI: Early table checksum verification disabled
[    0.000000] ACPI: RSDP 0x00000000000E0000 000024 (v02 VBOX  )
[    0.000000] ACPI: XSDT 0x000000003FFF0030 00003C (v01 VBOX   VBOXXSDT 00000001 ASL  00000061)
[    0.000000] ACPI: FACP 0x000000003FFF00F0 0000F4 (v04 VBOX   VBOXFACP 00000001 ASL  00000061)
[    0.000000] ACPI: DSDT 0x000000003FFF0470 002325 (v02 VBOX   VBOXBIOS 00000002 INTL 20190509)
[    0.000000] ACPI: FACS 0x000000003FFF0200 000040
[    0.000000] ACPI: FACS 0x000000003FFF0200 000040
[    0.000000] ACPI: APIC 0x000000003FFF0240 000054 (v02 VBOX   VBOXAPIC 00000001 ASL  00000061)
[    0.000000] ACPI: SSDT 0x000000003FFF02A0 0001CC (v01 VBOX   VBOXCPUT 00000002 INTL 20190509)
[    0.000000] No NUMA configuration found
[    0.000000] Faking a node at [mem 0x0000000000000000-0x000000003ffeffff]
[    0.000000] NODE_DATA(0) allocated [mem 0x3ffc5000-0x3ffeffff]
[    0.000000] kvm-clock: cpu 0, msr 0:3ff44001, primary cpu clock
[    0.000000] kvm-clock: Using msrs 4b564d01 and 4b564d00
[    0.000000] kvm-clock: using sched offset of 3409310662 cycles
[    0.000000] clocksource: kvm-clock: mask: 0xffffffffffffffff max_cycles: 0x1cd42e4dffb, max_idle_ns: 881590591483 ns
[    0.000000] Zone ranges:
[    0.000000]   DMA      [mem 0x0000000000001000-0x0000000000ffffff]
[    0.000000]   DMA32    [mem 0x0000000001000000-0x000000003ffeffff]
[    0.000000]   Normal   empty
[    0.000000]   Device   empty
[    0.000000] Movable zone start for each node
[    0.000000] Early memory node ranges
[    0.000000]   node   0: [mem 0x0000000000001000-0x000000000009efff]
[    0.000000]   node   0: [mem 0x0000000000100000-0x000000003ffeffff]
[    0.000000] Reserved but unavailable: 98 pages
[    0.000000] Initmem setup node 0 [mem 0x0000000000001000-0x000000003ffeffff]
[    0.000000] ACPI: PM-Timer IO Port: 0x4008
[    0.000000] IOAPIC[0]: apic_id 1, version 32, address 0xfec00000, GSI 0-23
[    0.000000] ACPI: INT_SRC_OVR (bus 0 bus_irq 0 global_irq 2 dfl dfl)
[    0.000000] ACPI: INT_SRC_OVR (bus 0 bus_irq 9 global_irq 9 low level)
[    0.000000] Using ACPI (MADT) for SMP configuration information
[    0.000000] smpboot: Allowing 1 CPUs, 0 hotplug CPUs
[    0.000000] PM: Registered nosave memory: [mem 0x00000000-0x00000fff]
[    0.000000] PM: Registered nosave memory: [mem 0x0009f000-0x0009ffff]
[    0.000000] PM: Registered nosave memory: [mem 0x000a0000-0x000effff]
[    0.000000] PM: Registered nosave memory: [mem 0x000f0000-0x000fffff]
[    0.000000] e820: [mem 0x40000000-0xfebfffff] available for PCI devices
[    0.000000] Booting paravirtualized kernel on KVM
[    0.000000] clocksource: refined-jiffies: mask: 0xffffffff max_cycles: 0xffffffff, max_idle_ns: 7645519600211568 ns
[    0.000000] random: get_random_bytes called from start_kernel+0x99/0x500 with crng_init=0
[    0.000000] setup_percpu: NR_CPUS:8192 nr_cpumask_bits:1 nr_cpu_ids:1 nr_node_ids:1
[    0.000000] percpu: Embedded 45 pages/cpu s147456 r8192 d28672 u2097152
[    0.000000] PV qspinlock hash table entries: 256 (order: 0, 4096 bytes)
[    0.000000] Built 1 zonelists, mobility grouping on.  Total pages: 257913
[    0.000000] Policy zone: DMA32
[    0.000000] Kernel command line: BOOT_IMAGE=/boot/vmlinuz-4.15.0-135-generic root=LABEL=cloudimg-rootfs ro console=tty1 console=ttyS0
[    0.000000] Memory: 983200K/1048120K available (12300K kernel code, 2482K rwdata, 4276K rodata, 2440K init, 2724K bss, 64920K reserved, 0K cma-reserved)
[    0.000000] SLUB: HWalign=64, Order=0-3, MinObjects=0, CPUs=1, Nodes=1
[    0.000000] Kernel/User page tables isolation: enabled
[    0.000000] ftrace: allocating 39422 entries in 154 pages
[    0.004000] Hierarchical RCU implementation.
[    0.004000] 	RCU restricting CPUs from NR_CPUS=8192 to nr_cpu_ids=1.
[    0.004000] 	Tasks RCU enabled.
[    0.004000] RCU: Adjusting geometry for rcu_fanout_leaf=16, nr_cpu_ids=1
[    0.004000] NR_IRQS: 524544, nr_irqs: 256, preallocated irqs: 16
[    0.004000] Console: colour VGA+ 80x25
[    0.004000] console [tty1] enabled
[    0.004000] console [ttyS0] enabled
[    0.004000] ACPI: Core revision 20170831
[    0.004000] ACPI: 2 ACPI AML tables successfully acquired and loaded
[    0.004000] APIC: Switch to symmetric I/O mode setup
[    0.004000] x2apic enabled
[    0.004000] Switched APIC routing to physical x2apic.
[    0.004000] ..TIMER: vector=0x30 apic1=0 pin1=2 apic2=-1 pin2=-1
[    0.004000] tsc: Detected 1991.720 MHz processor
[    0.004011] Calibrating delay loop (skipped) preset value.. 3983.44 BogoMIPS (lpj=7966880)
[    0.005114] pid_max: default: 32768 minimum: 301
[    0.005844] Security Framework initialized
[    0.006918] Yama: becoming mindful.
[    0.008077] AppArmor: AppArmor initialized
[    0.010344] Dentry cache hash table entries: 131072 (order: 8, 1048576 bytes)
[    0.011428] Inode-cache hash table entries: 65536 (order: 7, 524288 bytes)
[    0.012016] Mount-cache hash table entries: 2048 (order: 2, 16384 bytes)
[    0.012883] Mountpoint-cache hash table entries: 2048 (order: 2, 16384 bytes)
[    0.013871] process: using mwait in idle threads
[    0.014471] Last level iTLB entries: 4KB 64, 2MB 8, 4MB 8
[    0.015101] Last level dTLB entries: 4KB 64, 2MB 0, 4MB 0, 1GB 4
[    0.016006] Spectre V1 : Mitigation: usercopy/swapgs barriers and __user pointer sanitization
[    0.017354] Spectre V2 : Mitigation: Full generic retpoline
[    0.018363] Spectre V2 : Spectre v2 / SpectreRSB mitigation: Filling RSB on context switch
[    0.020007] Speculative Store Bypass: Vulnerable
[    0.020778] SRBDS: Unknown: Dependent on hypervisor status
[    0.021765] MDS: Mitigation: Clear CPU buffers
[    0.037022] Freeing SMP alternatives memory: 36K
[    0.148604] smpboot: CPU0: Intel(R) Core(TM) i7-8565U CPU @ 1.80GHz (family: 0x6, model: 0x8e, stepping: 0xc)
[    0.149991] Performance Events: unsupported p6 CPU model 142 no PMU driver, software events only.
[    0.151162] Hierarchical SRCU implementation.
[    0.152000] NMI watchdog: Perf event create on CPU 0 failed with -2
[    0.152003] NMI watchdog: Perf NMI watchdog permanently disabled
[    0.152773] smp: Bringing up secondary CPUs ...
[    0.153369] smp: Brought up 1 node, 1 CPU
[    0.153876] smpboot: Max logical packages: 1
[    0.154419] smpboot: Total of 1 processors activated (3983.44 BogoMIPS)
[    0.155303] devtmpfs: initialized
[    0.156042] x86/mm: Memory block size: 128MB
[    0.156705] evm: security.selinux
[    0.157142] evm: security.SMACK64
[    0.157564] evm: security.SMACK64EXEC
[    0.158022] evm: security.SMACK64TRANSMUTE
[    0.158540] evm: security.SMACK64MMAP
[    0.159026] evm: security.apparmor
[    0.159458] evm: security.ima
[    0.159851] evm: security.capability
[    0.160098] clocksource: jiffies: mask: 0xffffffff max_cycles: 0xffffffff, max_idle_ns: 7645041785100000 ns
[    0.161222] futex hash table entries: 256 (order: 2, 16384 bytes)
[    0.161956] pinctrl core: initialized pinctrl subsystem
[    0.162647] RTC time: 22:31:33, date: 02/14/21
[    0.163266] NET: Registered protocol family 16
[    0.164058] audit: initializing netlink subsys (disabled)
[    0.164785] cpuidle: using governor ladder
[    0.165266] cpuidle: using governor menu
[    0.165760] ACPI: bus type PCI registered
[    0.166222] acpiphp: ACPI Hot Plug PCI Controller Driver version: 0.5
[    0.167024] PCI: Using configuration type 1 for base access
[    0.167767] audit: type=2000 audit(1613341898.259:1): state=initialized audit_enabled=0 res=1
[    0.168782] HugeTLB registered 2.00 MiB page size, pre-allocated 0 pages
[    0.170285] ACPI: Added _OSI(Module Device)
[    0.170765] ACPI: Added _OSI(Processor Device)
[    0.172004] ACPI: Added _OSI(3.0 _SCP Extensions)
[    0.172530] ACPI: Added _OSI(Processor Aggregator Device)
[    0.173194] ACPI: Added _OSI(Linux-Dell-Video)
[    0.173725] ACPI: Added _OSI(Linux-Lenovo-NV-HDMI-Audio)
[    0.174394] ACPI: Added _OSI(Linux-HPI-Hybrid-Graphics)
[    0.175162] ACPI: Executed 1 blocks of module-level executable AML code
[    0.178276] ACPI: Interpreter enabled
[    0.178765] ACPI: (supports S0 S5)
[    0.179187] ACPI: Using IOAPIC for interrupt routing
[    0.179895] PCI: Using host bridge windows from ACPI; if necessary, use "pci=nocrs" and report a bug
[    0.180122] ACPI: Enabled 2 GPEs in block 00 to 07
[    0.185567] ACPI: PCI Root Bridge [PCI0] (domain 0000 [bus 00-ff])
[    0.186321] acpi PNP0A03:00: _OSC: OS supports [ASPM ClockPM Segments MSI]
[    0.187386] acpi PNP0A03:00: _OSC: not requesting OS control; OS requires [ExtendedConfig ASPM ClockPM MSI]
[    0.188009] acpi PNP0A03:00: fail to add MMCONFIG information, can't access extended PCI configuration space under this bridge.
[    0.189608] PCI host bridge to bus 0000:00
[    0.190145] pci_bus 0000:00: root bus resource [io  0x0000-0x0cf7 window]
[    0.190909] pci_bus 0000:00: root bus resource [io  0x0d00-0xffff window]
[    0.192004] pci_bus 0000:00: root bus resource [mem 0x000a0000-0x000bffff window]
[    0.192827] pci_bus 0000:00: root bus resource [mem 0x40000000-0xfdffffff window]
[    0.193646] pci_bus 0000:00: root bus resource [bus 00-ff]
[    0.196280] pci 0000:00:01.1: legacy IDE quirk: reg 0x10: [io  0x01f0-0x01f7]
[    0.197109] pci 0000:00:01.1: legacy IDE quirk: reg 0x14: [io  0x03f6]
[    0.197823] pci 0000:00:01.1: legacy IDE quirk: reg 0x18: [io  0x0170-0x0177]
[    0.198990] pci 0000:00:01.1: legacy IDE quirk: reg 0x1c: [io  0x0376]
[    0.208488] pci 0000:00:07.0: quirk: [io  0x4000-0x403f] claimed by PIIX4 ACPI
[    0.209404] pci 0000:00:07.0: quirk: [io  0x4100-0x410f] claimed by PIIX4 SMB
[    0.215256] ACPI: PCI Interrupt Link [LNKA] (IRQs 5 9 10 *11)
[    0.216076] ACPI: PCI Interrupt Link [LNKB] (IRQs 5 9 *10 11)
[    0.216868] ACPI: PCI Interrupt Link [LNKC] (IRQs 5 *9 10 11)
[    0.217565] ACPI: PCI Interrupt Link [LNKD] (IRQs 5 9 10 *11)
[    0.218691] SCSI subsystem initialized
[    0.220000] pci 0000:00:02.0: vgaarb: setting as boot VGA device
[    0.220000] pci 0000:00:02.0: vgaarb: VGA device added: decodes=io+mem,owns=io+mem,locks=none
[    0.220004] pci 0000:00:02.0: vgaarb: bridge control possible
[    0.224002] vgaarb: loaded
[    0.224354] ACPI: bus type USB registered
[    0.224829] usbcore: registered new interface driver usbfs
[    0.225470] usbcore: registered new interface driver hub
[    0.226120] usbcore: registered new device driver usb
[    0.226763] EDAC MC: Ver: 3.0.0
[    0.227328] PCI: Using ACPI for IRQ routing
[    0.228196] NetLabel: Initializing
[    0.228723] NetLabel:  domain hash size = 128
[    0.229212] NetLabel:  protocols = UNLABELED CIPSOv4 CALIPSO
[    0.229922] NetLabel:  unlabeled traffic allowed by default
[    0.230751] clocksource: Switched to clocksource kvm-clock
[    0.236489] VFS: Disk quotas dquot_6.6.0
[    0.237217] VFS: Dquot-cache hash table entries: 512 (order 0, 4096 bytes)
[    0.238034] AppArmor: AppArmor Filesystem Enabled
[    0.238585] pnp: PnP ACPI init
[    0.239749] pnp: PnP ACPI: found 3 devices
[    0.245567] clocksource: acpi_pm: mask: 0xffffff max_cycles: 0xffffff, max_idle_ns: 2085701024 ns
[    0.246705] NET: Registered protocol family 2
[    0.247374] TCP established hash table entries: 8192 (order: 4, 65536 bytes)
[    0.248218] TCP bind hash table entries: 8192 (order: 5, 131072 bytes)
[    0.248938] TCP: Hash tables configured (established 8192 bind 8192)
[    0.249745] UDP hash table entries: 512 (order: 2, 16384 bytes)
[    0.250440] UDP-Lite hash table entries: 512 (order: 2, 16384 bytes)
[    0.251149] NET: Registered protocol family 1
[    0.251656] pci 0000:00:00.0: Limiting direct PCI/PCI transfers
[    0.252374] pci 0000:00:01.0: Activating ISA DMA hang workarounds
[    0.253151] pci 0000:00:02.0: Video device with shadowed ROM at [mem 0x000c0000-0x000dffff]
[    0.254140] Unpacking initramfs...
[    0.464758] Freeing initrd memory: 19224K
[    0.471818] clocksource: tsc: mask: 0xffffffffffffffff max_cycles: 0x396b40b0c55, max_idle_ns: 881590620371 ns
[    0.472983] platform rtc_cmos: registered platform RTC device (no PNP device found)
[    0.473855] Scanning for low memory corruption every 60 seconds
[    0.474915] Initialise system trusted keyrings
[    0.475422] Key type blacklist registered
[    0.476012] workingset: timestamp_bits=36 max_order=18 bucket_order=0
[    0.477984] zbud: loaded
[    0.478679] squashfs: version 4.0 (2009/01/31) Phillip Lougher
[    0.479446] fuse init (API version 7.26)
[    0.480535] Key type asymmetric registered
[    0.481126] Asymmetric key parser 'x509' registered
[    0.481685] Block layer SCSI generic (bsg) driver version 0.4 loaded (major 246)
[    0.482779] io scheduler noop registered
[    0.483361] io scheduler deadline registered
[    0.483966] io scheduler cfq registered (default)
[    0.484681] ACPI: AC Adapter [AC] (on-line)
[    0.485188] input: Power Button as /devices/LNXSYSTM:00/LNXPWRBN:00/input/input0
[    0.486089] ACPI: Power Button [PWRF]
[    0.486552] input: Sleep Button as /devices/LNXSYSTM:00/LNXSLPBN:00/input/input1
[    0.487371] ACPI: Sleep Button [SLPF]
[    0.488487] ACPI: Battery Slot [BAT0] (battery present)
[    0.489170] Serial: 8250/16550 driver, 32 ports, IRQ sharing enabled
[    0.510496] 00:02: ttyS0 at I/O 0x3f8 (irq = 4, base_baud = 115200) is a 16550A
[    0.512594] Linux agpgart interface v0.103
[    0.513904] loop: module loaded
[    0.514657] scsi host0: ata_piix
[    0.515160] scsi host1: ata_piix
[    0.515708] ata1: PATA max UDMA/33 cmd 0x1f0 ctl 0x3f6 bmdma 0xd000 irq 14
[    0.516523] ata2: PATA max UDMA/33 cmd 0x170 ctl 0x376 bmdma 0xd008 irq 15
[    0.517662] libphy: Fixed MDIO Bus: probed
[    0.518201] tun: Universal TUN/TAP device driver, 1.6
[    0.518783] PPP generic driver version 2.4.2
[    0.519295] ehci_hcd: USB 2.0 'Enhanced' Host Controller (EHCI) Driver
[    0.520042] ehci-pci: EHCI PCI platform driver
[    0.520607] ehci-platform: EHCI generic platform driver
[    0.521188] ohci_hcd: USB 1.1 'Open' Host Controller (OHCI) Driver
[    0.521851] ohci-pci: OHCI PCI platform driver
[    0.522420] ohci-platform: OHCI generic platform driver
[    0.523038] uhci_hcd: USB Universal Host Controller Interface driver
[    0.523795] i8042: PNP: PS/2 Controller [PNP0303:PS2K,PNP0f03:PS2M] at 0x60,0x64 irq 1,12
[    0.525121] serio: i8042 KBD port at 0x60,0x64 irq 1
[    0.525722] serio: i8042 AUX port at 0x60,0x64 irq 12
[    0.526324] mousedev: PS/2 mouse device common for all mice
[    0.527160] input: AT Translated Set 2 keyboard as /devices/platform/i8042/serio0/input/input2
[    0.528436] rtc_cmos rtc_cmos: rtc core: registered rtc_cmos as rtc0
[    0.529159] rtc_cmos rtc_cmos: alarms up to one day, 114 bytes nvram
[    0.529950] i2c /dev entries driver
[    0.530478] device-mapper: uevent: version 1.0.3
[    0.531037] device-mapper: ioctl: 4.37.0-ioctl (2017-09-20) initialised: dm-devel@redhat.com
[    0.532000] ledtrig-cpu: registered to indicate activity on CPUs
[    0.532807] intel_pmc_core:  initialized
[    0.533471] NET: Registered protocol family 10
[    0.536190] Segment Routing with IPv6
[    0.536748] NET: Registered protocol family 17
[    0.537278] Key type dns_resolver registered
[    0.537833] mce: Using 0 MCE banks
[    0.538239] RAS: Correctable Errors collector initialized.
[    0.538888] sched_clock: Marking stable (536724939, 0)->(645499330, -108774391)
[    0.539949] registered taskstats version 1
[    0.540462] Loading compiled-in X.509 certificates
[    0.542461] Loaded X.509 cert 'Build time autogenerated kernel key: 399a566a2ea98257ce6f7132c633527e9761cd56'
[    0.543713] zswap: loaded using pool lzo/zbud
[    0.546326] Key type big_key registered
[    0.546819] Key type trusted registered
[    0.548258] Key type encrypted registered
[    0.548759] AppArmor: AppArmor sha1 policy hashing enabled
[    0.549369] ima: No TPM chip found, activating TPM-bypass! (rc=-19)
[    0.550060] ima: Allocated hash algorithm: sha1
[    0.550578] evm: HMAC attrs: 0x1
[    0.551146]   Magic number: 9:838:552
[    0.551586] tty ttyS28: hash matches
[    0.552062] acpi PNP0C0F:03: hash matches
[    0.552617] rtc_cmos rtc_cmos: setting system clock to 2021-02-14 22:31:34 UTC (1613341894)
[    0.553580] BIOS EDD facility v0.16 2004-Jun-25, 0 devices found
[    0.554254] EDD information not available.
[    0.707712] Freeing unused kernel image memory: 2440K
[    0.716062] Write protecting the kernel read-only data: 20480k
[    0.717946] Freeing unused kernel image memory: 2008K
[    0.719981] Freeing unused kernel image memory: 1868K
[    0.732018] x86/mm: Checked W+X mappings: passed, no W+X pages found.
[    0.733094] x86/mm: Checking user space page tables
[    0.741713] x86/mm: Checked W+X mappings: passed, no W+X pages found.
Loading, please wait...
starting version 237
[    0.820679] e1000: Intel(R) PRO/1000 Network Driver - version 7.3.21-k8-NAPI
[    0.821628] e1000: Copyright (c) 1999-2006 Intel Corporation.
[    0.834150] Fusion MPT base driver 3.04.20
[    0.834722] Copyright (c) 1999-2008 LSI Corporation
[    0.844119] Fusion MPT SPI Host driver 3.04.20
[    0.857143] AVX2 version of gcm_enc/dec engaged.
[    0.857845] AES CTR mode by8 optimization enabled
[    1.043586] input: ImExPS/2 Generic Explorer Mouse as /devices/platform/i8042/serio1/input/input4
[    1.198406] e1000 0000:00:03.0 eth0: (PCI:33MHz:32-bit) 02:54:31:68:18:3c
[    1.200160] e1000 0000:00:03.0 eth0: Intel(R) PRO/1000 Network Connection
[    1.203075] mptbase: ioc0: Initiating bringup
[    1.296690] ioc0: LSI53C1030 A0: Capabilities={Initiator}
[    1.539993] scsi host2: ioc0: LSI53C1030 A0, FwRev=00000000h, Ports=1, MaxQ=256, IRQ=20
[    1.708871] scsi 2:0:0:0: Direct-Access     VBOX     HARDDISK         1.0  PQ: 0 ANSI: 5
[    1.712905] scsi target2:0:0: Beginning Domain Validation
[    1.720394] scsi target2:0:0: Domain Validation skipping write tests
[    1.724624] scsi target2:0:0: Ending Domain Validation
[    1.726762] random: fast init done
[    1.728186] scsi target2:0:0: asynchronous
[    1.731435] scsi 2:0:1:0: Direct-Access     VBOX     HARDDISK         1.0  PQ: 0 ANSI: 5
[    1.734526] scsi target2:0:1: Beginning Domain Validation
[    1.738156] scsi target2:0:1: Domain Validation skipping write tests
[    1.740348] scsi target2:0:1: Ending Domain Validation
[    1.742006] scsi target2:0:1: asynchronous
[    1.748556] random: systemd-udevd: uninitialized urandom read (16 bytes read)
[    1.750023] random: systemd-udevd: uninitialized urandom read (16 bytes read)
[    1.751459] random: systemd-udevd: uninitialized urandom read (16 bytes read)
[    1.752971] sd 2:0:0:0: [sda] 83886080 512-byte logical blocks: (42.9 GB/40.0 GiB)
[    1.754332] sd 2:0:0:0: [sda] Write Protect is off
[    1.755285] sd 2:0:0:0: Attached scsi generic sg0 type 0
[    1.756246] sd 2:0:0:0: [sda] Incomplete mode parameter data
[    1.757174] sd 2:0:0:0: [sda] Assuming drive cache: write through
[    1.762405] sd 2:0:1:0: Attached scsi generic sg1 type 0
[    1.763243] sd 2:0:1:0: [sdb] 20480 512-byte logical blocks: (10.5 MB/10.0 MiB)
[    1.764313] sd 2:0:1:0: [sdb] Write Protect is off
[    1.769664] sd 2:0:1:0: [sdb] Incomplete mode parameter data
[    1.771451] sd 2:0:1:0: [sdb] Assuming drive cache: write through
[    1.772544]  sda: sda1
[    1.773117] sd 2:0:0:0: [sda] Attached SCSI disk
[    1.884048] sd 2:0:1:0: [sdb] Attached SCSI disk
[    2.091689] e1000 0000:00:08.0 eth1: (PCI:33MHz:32-bit) 08:00:27:37:f5:2f
[    2.092687] e1000 0000:00:08.0 eth1: Intel(R) PRO/1000 Network Connection
[    2.094537] e1000 0000:00:08.0 enp0s8: renamed from eth1
[    2.096654] e1000 0000:00:03.0 enp0s3: renamed from eth0
Begin: Loading essential drivers ... [    3.471460] raid6: sse2x1   gen() 15021 MB/s
[    3.524078] raid6: sse2x1   xor()  8866 MB/s
[    3.584423] raid6: sse2x2   gen() 16848 MB/s
[    3.648559] raid6: sse2x2   xor() 11913 MB/s
[    3.713170] raid6: sse2x4   gen() 19829 MB/s
[    3.777894] raid6: sse2x4   xor() 11756 MB/s
[    3.851127] raid6: avx2x1   gen() 34505 MB/s
[    3.916791] raid6: avx2x1   xor() 16999 MB/s
[    3.980345] raid6: avx2x2   gen() 33455 MB/s
[    4.045390] raid6: avx2x2   xor() 22561 MB/s
[    4.110120] raid6: avx2x4   gen() 38657 MB/s
[    4.174201] raid6: avx2x4   xor() 24222 MB/s
[    4.174824] raid6: using algorithm avx2x4 gen() 38657 MB/s
[    4.175456] raid6: .... xor() 24222 MB/s, rmw enabled
[    4.176047] raid6: using avx2x2 recovery algorithm
[    4.178036] xor: automatically using best checksumming function   avx       
[    4.180007] async_tx: api initialized (async)
done.
Begin: Running /scripts/init-premount ... done.
Begin: Mounting root file system ... Begin: Running /scripts/local-top ... done.
Begin: Running /scripts/local-premount ... [    4.220823] Btrfs loaded, crc32c=crc32c-intel
Scanning for Btrfs filesystems
done.
Warning: fsck not present, so skipping root file system
[    4.266423] EXT4-fs (sda1): mounted filesystem with ordered data mode. Opts: (null)
done.
Begin: Running /scripts/local-bottom ... done.
Begin: Running /scripts/init-bottom ... done.
[    4.875871] ip_tables: (C) 2000-2006 Netfilter Core Team
[    4.918568] systemd[1]: systemd 237 running in system mode. (+PAM +AUDIT +SELINUX +IMA +APPARMOR +SMACK +SYSVINIT +UTMP +LIBCRYPTSETUP +GCRYPT +GNUTLS +ACL +XZ +LZ4 +SECCOMP +BLKID +ELFUTILS +KMOD -IDN2 +IDN -PCRE2 default-hierarchy=hybrid)
[    4.926681] systemd[1]: Detected virtualization oracle.
[    4.928562] systemd[1]: Detected architecture x86-64.

Welcome to [1mUbuntu 18.04.5 LTS[0m!

[    4.955321] systemd[1]: Set hostname to <ubuntu>.
[    4.989945] systemd[1]: Initializing machine ID from random generator.
[    4.992744] systemd[1]: Installed transient /etc/machine-id file.
[    5.709483] systemd[1]: Reached target Swap.
[[0;32m  OK  [0m] Reached target Swap.
[    5.711875] systemd[1]: Reached target System Time Synchronized.
[[0;32m  OK  [0m] Reached target System Time Synchronized.
[    5.714943] systemd[1]: Started Forward Password Requests to Wall Directory Watch.
[[0;32m  OK  [0m] Started Forward Password Requests to Wall Directory Watch.
[    5.718515] systemd[1]: Set up automount Arbitrary Executable File Formats File System Automount Point.
[[0;32m  OK  [0m] Set up automount Arbitrary Executab…rmats File System Automount Point.
[[0;32m  OK  [0m] Created slice System Slice.
[[0;32m  OK  [0m] Listening on udev Kernel Socket.
[[0;32m  OK  [0m] Listening on /dev/initctl Compatibility Named Pipe.
[[0;32m  OK  [0m] Listening on Network Service Netlink Socket.
[[0;32m  OK  [0m] Listening on Journal Socket (/dev/log).
[[0;32m  OK  [0m] Listening on LVM2 metadata daemon socket.
[[0;32m  OK  [0m] Listening on LVM2 poll daemon socket.
[[0;32m  OK  [0m[    5.758214] random: crng init done
[    5.758846] random: 7 urandom warning(s) missed due to ratelimiting
] Listening on udev Control Socket.
[[0;32m  OK  [0m] Listening on Journal Socket.
         Starting Set the console keyboard layout...
         Starting Create list of required st…ce nodes for the current kernel...
         Mounting Kernel Debug File System...
         Starting Remount Root and Kernel File Systems...
         Starting udev Coldplug all Devices...
[[0;32m  OK  [0m] Listening on Syslog Socket.
         Mounting POSIX Message Queue File System...
[[0;32m  OK  [0m] Created slice system-serial\x2dgetty.slice.
         Mounting Huge Pages File System...
[[0;32m  OK  [0m] Listening on Journal Audit Socket.
         Starting Journal Service...
[    5.885559] EXT4-fs (sda1): re-mounted. Opts: (null)
         Starting Load Kernel Modules...
[[0;32m  OK  [0m] Reached target User and Group Name Lookups.
         Starting Uncomplicated firewall...
[[0;32m  OK  [0m] Created slice User and Session Slice.
[[0;32m  OK  [0m] Reached target Slices.
[[0;32m  OK  [0m] Listening on Device-mapper event daemon FIFOs.
         Starting Monitoring of LVM2 mirrors…ng dmeventd or progress polling...
[[0;32m  OK  [0m] Started Journal Service.
[[0;32m  OK  [0m] Started Create list of required sta…vice nodes for the current kernel.
[[0;32m  OK  [0m] Mounted Kernel Debug File System.
[[0;32m  OK  [0m] Started Remount Root and Kernel File Systems.
[[0;32m  OK  [0m] Mounted POSIX Message Queue File System.
[[0;32m  OK  [0m] Mounted Huge Pages File System.
[[0;32m  OK  [0m] Started Uncomplicated firewall.
         Starting Load/Save Random Seed...
         Starting Create Static Device Nodes in /dev...
         Starting Flush Journal to Persistent Storage...
[[0;32m  OK  [0m] Started udev Coldplug all Devices.
[    5.983937] Loading iSCSI transport class v2.0-870.
[[0;32m  OK  [0m] Started Set the console keyboard layout.
[    6.007229] iscsi: registered transport (tcp)
[[0;32m  OK  [0m] Started LVM2 metadata daemon.
[[0;32m  OK  [0m] Started Load/Save Random Seed.
[    6.071347] systemd-journald[418]: Received request to flush runtime journal from PID 1
[[0;32m  OK  [0m] Started Create Static Device Nodes in /dev.
         Starting udev Kernel Device Manager...
[    6.106719] iscsi: registered transport (iser)
[[0;32m  OK  [0m] Started Load Kernel Modules.
         Mounting Kernel Configuration File System...
         Starting Apply Kernel Variables...
         Mounting FUSE Control File System...
[[0;32m  OK  [0m] Mounted Kernel Configuration File System.
[[0;32m  OK  [0m] Mounted FUSE Control File System.
[[0;32m  OK  [0m] Started udev Kernel Device Manager.
[[0;32m  OK  [0m] Started Dispatch Password Requests to Console Directory Watch.
[[0;32m  OK  [0m] Reached target Local Encrypted Volumes.
[[0;32m  OK  [0m] Started Monitoring of LVM2 mirrors,…sing dmeventd or progress polling.
[[0;32m  OK  [0m] Reached target Local File Systems (Pre).
[[0;32m  OK  [0m] Reached target Local File Systems.
         Starting Set console font and keymap...
         Starting AppArmor initialization...
         Starting Commit a transient machine-id on disk...
         Starting Tell Plymouth To Write Out Runtime Data...
         Starting ebtables ruleset management...
[[0;32m  OK  [0m] Started Flush Journal to Persistent Storage.
[[0;32m  OK  [0m] Started Set console font and keymap.
         Starting Create Volatile Files and Directories...
[[0;32m  OK  [0m] Started Tell Plymouth To Write Out Runtime Data.
[[0;32m  OK  [0m] Started Apply Kernel Variables.
[[0;32m  OK  [0m] Started Commit a transient machine-id on disk.
[[0;32m  OK  [0m] Started Create Volatile Files and Directories.
         Starting Update UTMP about System Boot/Shutdown...
[[0;32m  OK  [0m] Started Update UTMP about System Boot/Shutdown.
[[0;32m  OK  [0m] Started ebtables ruleset management.
[[0;32m  OK  [0m] Found device /dev/ttyS0.
[[0;32m  OK  [0m] Listening on Load/Save RF Kill Switch Status /dev/rfkill Watch.
[[0;32m  OK  [0m] Started AppArmor initialization.
         Starting Load AppArmor profiles managed internally by snapd...
         Starting Initial cloud-init job (pre-networking)...
[[0;32m  OK  [0m] Started Load AppArmor profiles managed internally by snapd.
[   10.206610] cloud-init[568]: Cloud-init v. 20.4.1-0ubuntu1~18.04.1 running 'init-local' at Sun, 14 Feb 2021 22:31:43 +0000. Up 9.67 seconds.
[[0;32m  OK  [0m] Started Initial cloud-init job (pre-networking).
[[0;32m  OK  [0m] Reached target Network (Pre).
         Starting Network Service...
[[0;32m  OK  [0m] Started Network Service.
         Starting Network Name Resolution...
         Starting Wait for Network to be Configured...
[[0;32m  OK  [0m] Started Network Name Resolution.
[[0;32m  OK  [0m] Reached target Host and Network Name Lookups.
[[0;32m  OK  [0m] Reached target Network.
[[0;32m  OK  [0m] Started Wait for Network to be Configured.
         Starting Initial cloud-init job (metadata service crawler)...
[   12.568329] cloud-init[693]: Cloud-init v. 20.4.1-0ubuntu1~18.04.1 running 'init' at Sun, 14 Feb 2021 22:31:46 +0000. Up 12.43 seconds.
[   12.571091] cloud-init[693]: ci-info: ++++++++++++++++++++++++++++++++++++++Net device info+++++++++++++++++++++++++++++++++++++++
[   12.572102] cloud-init[693]: ci-info: +--------+-------+----------------------------+---------------+--------+-------------------+
[   12.574989] cloud-init[693]: ci-info: | Device |   Up  |          Address           |      Mask     | Scope  |     Hw-Address    |
[   12.576558] cloud-init[693]: ci-info: +--------+-------+----------------------------+---------------+--------+-------------------+
[   12.577906] cloud-init[693]: ci-info: | enp0s3 |  True |         10.0.2.15          | 255.255.255.0 | global | 02:54:31:68:18:3c |
[   12.580507] cloud-init[693]: ci-info: | enp0s3 |  True | fe80::54:31ff:fe68:183c/64 |       .       |  link  | 02:54:31:68:18:3c |
[   12.581854] cloud-init[693]: ci-info: | enp0s8 | False |             .              |       .       |   .    | 08:00:27:37:f5:2f |
[   12.583715] cloud-init[693]: ci-info: |   lo   |  True |         127.0.0.1          |   255.0.0.0   |  host  |         .         |
[   12.585117] cloud-init[693]: ci-info: |   lo   |  True |          ::1/128           |       .       |  host  |         .         |
[   12.586515] cloud-init[693]: ci-info: +--------+-------+----------------------------+---------------+--------+-------------------+
[   12.587895] cloud-init[693]: ci-info: ++++++++++++++++++++++++++++Route IPv4 info+++++++++++++++++++++++++++++
[   12.589119] cloud-init[693]: ci-info: +-------+-------------+----------+-----------------+-----------+-------+
[   12.590300] cloud-init[693]: ci-info: | Route | Destination | Gateway  |     Genmask     | Interface | Flags |
[   12.591466] cloud-init[693]: ci-info: +-------+-------------+----------+-----------------+-----------+-------+
[   12.592621] cloud-init[693]: ci-info: |   0   |   0.0.0.0   | 10.0.2.2 |     0.0.0.0     |   enp0s3  |   UG  |
[   12.593778] cloud-init[693]: ci-info: |   1   |   10.0.2.0  | 0.0.0.0  |  255.255.255.0  |   enp0s3  |   U   |
[   12.594801] cloud-init[693]: ci-info: |   2   |   10.0.2.2  | 0.0.0.0  | 255.255.255.255 |   enp0s3  |   UH  |
[   12.595787] cloud-init[693]: ci-info: +-------+-------------+----------+-----------------+-----------+-------+
[   12.596823] cloud-init[693]: ci-info: +++++++++++++++++++Route IPv6 info+++++++++++++++++++
[   12.597858] cloud-init[693]: ci-info: +-------+-------------+---------+-----------+-------+
[   12.598887] cloud-init[693]: ci-info: | Route | Destination | Gateway | Interface | Flags |
[   12.599815] cloud-init[693]: ci-info: +-------+-------------+---------+-----------+-------+
[   12.601578] cloud-init[693]: ci-info: |   1   |  fe80::/64  |    ::   |   enp0s3  |   U   |
[   12.603318] cloud-init[693]: ci-info: |   3   |    local    |    ::   |   enp0s3  |   U   |
[   12.604239] cloud-init[693]: ci-info: |   4   |   ff00::/8  |    ::   |   enp0s3  |   U   |
[   12.605181] cloud-init[693]: ci-info: +-------+-------------+---------+-----------+-------+
[   13.952916] cloud-init[693]: Generating public/private rsa key pair.
[   13.953921] cloud-init[693]: Your identification has been saved in /etc/ssh/ssh_host_rsa_key.
[   13.954963] cloud-init[693]: Your public key has been saved in /etc/ssh/ssh_host_rsa_key.pub.
[   13.956499] cloud-init[693]: The key fingerprint is:
[   13.958002] cloud-init[693]: SHA256:kWPOFsqc7Qlv6nCRgl4ju2c9ZpXX9fPVYLkJVyYQ9R4 root@ubuntu-bionic
[   13.960112] cloud-init[693]: The key's randomart image is:
[   13.965949] cloud-init[693]: +---[RSA 2048]----+
[   13.966833] cloud-init[693]: |            o+.  |
[   13.967528] cloud-init[693]: |         .    ..o|
[   13.968004] cloud-init[693]: |        *      E.|
[   13.968592] cloud-init[693]: |   . o O +  . *..|
[   13.969187] cloud-init[693]: |  o + O S. . = =o|
[   13.969863] cloud-init[693]: | . + o *o.. . o.+|
[   13.970443] cloud-init[693]: |  o ....=.      +|
[   13.972158] cloud-init[693]: |   .oo=o        .|
[   13.976710] cloud-init[693]: |  .o +o.         |
[   13.977777] cloud-init[693]: +----[SHA256]-----+
[   13.978330] cloud-init[693]: Generating public/private dsa key pair.
[   13.979148] cloud-init[693]: Your identification has been saved in /etc/ssh/ssh_host_dsa_key.
[   13.980007] cloud-init[693]: Your public key has been saved in /etc/ssh/ssh_host_dsa_key.pub.
[   13.984566] cloud-init[693]: The key fingerprint is:
[   14.003812] cloud-init[693]: SHA256:U5Cjov6qZ5ZaWfdiO/Qz8nbcsoYu30OduMP5sm2NuJI root@ubuntu-bionic
[   14.004656] cloud-init[693]: The key's randomart image is:
[   14.005315] cloud-init[693]: +---[DSA 1024]----+
[   14.005960] cloud-init[693]: |        ..       |
[   14.006603] cloud-init[693]: |        o.       |
[   14.007278] cloud-init[693]: |       . ..      |
[   14.008626] cloud-init[693]: |    . .  .       |
[   14.013574] cloud-init[693]: |   .... S  o .   |
[   14.014330] cloud-init[693]: |  .o ... .o o    |
[   14.015089] cloud-init[693]: | .o. .o..* = o   |
[   14.015810] cloud-init[693]: | .*  .+oE.&.+ .  |
[   14.016482] cloud-init[693]: |o*.o. .O+*=@o    |
[   14.020246] cloud-init[693]: +----[SHA256]-----+
[   14.020956] cloud-init[693]: Generating public/private ecdsa key pair.
[   14.021771] cloud-init[693]: Your identification has been saved in /etc/ssh/ssh_host_ecdsa_key.
[   14.024182] cloud-init[693]: Your public key has been saved in /etc/ssh/ssh_host_ecdsa_key.pub.
[   14.025239] cloud-init[693]: The key fingerprint is:
[   14.027330] cloud-init[693]: SHA256:SxKfuwgKqUKS8qOp9KD4XlRzxaT+E5AwKspSo/y801w root@ubuntu-bionic[[0;32m  OK  [0m] Started Initial cloud-init job (metadata service crawler).
[[0;32m  OK  [0m] Reached target Cloud-config availability.
[[0;32m  OK  [0m] Reached target Network is Online.

[   14.031572] cloud-init[693]: The key's randomart image is:
[   14.032384] cloud-init[693]: +---[ECDSA 256]---+
[   14.033025] cloud-init[693]: |      o  oo      |
[   14.033667] cloud-init[693]: |     . o +.      |
[   14.034236] cloud-init[693]: |  + . + =        |
[   14.034865] cloud-init[693]: |o+ o . * o       |
[   14.035552] cloud-init[693]: |++  . . S .      |
[   14.036354] cloud-init[693]: |=oo.   E + .     |
[   14.036921] cloud-init[693]: |*+ o= . o o      |
[   14.037483] cloud-init[693]: |*o=+.+ . . .     |
[   14.038033] cloud-init[693]: |X+++. . .        |
[   14.038583] cloud-init[693]: +----[SHA256]-----+
[   14.039128] cloud-init[693]: Generating public/private ed25519 key pair.
[   14.039839] cloud-init[[0;32m  OK  [0m] Reached target Remote File Systems (Pre).
[[0;32m  OK  [0m] Reached target Remote File Systems.
         Starting Availability of block devices...
[[0;32m  OK  [0m] Reached target System Initialization.
[[0;32m  OK  [0m] Listening on ACPID Listen Socket.
[693]: Your identification has been saved in /etc/ssh/ssh_host_ed25519_key.
[   14.050002] cloud-init[693]: Your public key has been saved in /etc/ssh/ssh_host_ed25519_key.pub.
[   14.050867] cloud-init[693]: The key fingerprint is:
[   14.051435] cloud-init[693]: SHA256:4ryqpco4zD5/RVbjS+v/FcMZYLzHjNQ18RHi2YPAj/0 root@ubuntu-bionic
         Starting LXD - unix socket.
[[   14.071901] cloud-init[693]: The key's randomart image is:
[   14.072746] cloud-init[693]: +--[ED25519 256]--+
[   14.073218] cloud-init[693]: |          ...+.==|
[   14.073879] cloud-init[693]: |         o .+o*.+|
[   14.074437] cloud-init[693]: |        o . =+=+.|
[   14.074985] cloud-init[693]: |       o o . =.++|
[   14.075533] cloud-init[693]: |      + S o   o= |[0;32m  OK  [0m] Listening on Open-iSCSI iscsid Socket.
         Starting Socket activation for snappy daemon.
[[0;32m  OK  [0m] Listening on D-Bus System Message Bus Socket.
[[0;32m  OK  [0m] Started Daily apt download activities.
[[0;32m  OK  [0m] Started Daily apt upgrade and clean activities.
[   14.080582] cloud-init[693]: |     o o o     Eo|
[   14.081027] cloud-init[693]: |o   . + .      . |
[   14.081075] cloud-init[693]: |++ o . . .    .  |
[   14.082151] cloud-init[693]: |+==oo..   ....   |
[   14.082659] cloud-init[693]: +----[SHA256]-----+

[[0;32m  OK  [0m] Started Daily Cleanup of Temporary Directories.
[[0;32m  OK  [0m] Started Discard unused blocks once a week.
[[0;32m  OK  [0m] Started Message of the Day.
[[0;32m  OK  [0m] Reached target Timers.
[[0;32m  OK  [0m] Started ACPI Events Check.
[[0;32m  OK  [0m] Reached target Paths.
[[0;32m  OK  [0m] Listening on UUID daemon activation socket.
[[0;32m  OK  [0m] Started Availability of block devices.
[[0;32m  OK  [0m] Listening on LXD - unix socket.
[[0;32m  OK  [0m] Listening on Socket activation for snappy daemon.
[[0;32m  OK  [0m] Reached target Sockets.
[[0;32m  OK  [0m] Reached target Basic System.
[[0;32m  OK  [0m] Started D-Bus System Message Bus.
         Starting Pollinate to seed the pseudo random number generator...
         Starting Accounts Service...
         Starting Permit User Sessions...
         Starting Login Service...
         Starting LSB: automatic crash report generation...
         Starting Dispatcher daemon for systemd-networkd...
         Starting Virtualbox guest utils...
[[0;32m  OK  [0m] Started Regular background program processing daemon.
         Starting Snap Daemon...
         Starting LSB: Record successful boot for GRUB...
[[0;32m  OK  [0m] Started Deferred execution scheduler.
[[0;32m  OK  [0m] Started FUSE filesystem for LXC.
         Starting System Logging Service...
[[0;32m  OK  [0m] Started irqbalance daemon.
         Starting LXD - container startup/shutdown...
[[0;32m  OK  [0m] Started Permit User Sessions.
[[0;32m  OK  [0m] Started Login Service.
         Starting Authorization Manager...
[[0;32m  OK  [0m] Started Unattended Upgrades Shutdown.
         Starting Terminate Plymouth Boot Screen...
         Starting Hold until boot process finishes up...
[[0;32m  OK  [0m] Started Hold until boot process finishes up.
[[0;32m  OK  [0m] Started Serial Getty on ttyS0.
         Starting Set console scheme...
[[0;32m  OK  [0m] Started Terminate Plymouth Boot Screen.
[[0;32m  OK  [0m] Started System Logging Service.
[[0;32m  OK  [0m] Started LSB: automatic crash report generation.
[[0;32m  OK  [0m] Started Set console scheme.
[[0;32m  OK  [0m] Created slice system-getty.slice.
[[0;32m  OK  [0m] Started Getty on tty1.
[[0;32m  OK  [0m] Reached target Login Prompts.
[[0;32m  OK  [0m] Started Authorization Manager.
[[0;32m  OK  [0m] Started Accounts Service.
[[0;32m  OK  [0m] Started LSB: Record successful boot for GRUB.
[[0;32m  OK  [0m] Started Dispatcher daemon for systemd-networkd.
[[0;32m  OK  [0m] Started Virtualbox guest utils.
[[0;32m  OK  [0m] Started LXD - container startup/shutdown.
[[0;32m  OK  [0m] Started Snap Daemon.
         Starting Wait until snapd is fully seeded...
[[0;32m  OK  [0m] Started Pollinate to seed the pseudo random number generator.
         Starting OpenBSD Secure Shell server...
[[0;32m  OK  [0m] Started OpenBSD Secure Shell server.
[[0;32m  OK  [0m] Created slice User Slice of vagrant.
         Starting User Manager for UID 1000...
[[0;32m  OK  [0m] Started Session 1 of user vagrant.
[[0;32m  OK  [0m] Started User Manager for UID 1000.

Ubuntu 18.04.5 LTS ubuntu-bionic ttyS0

ubuntu-bionic login: [   23.687786] cloud-init[1413]: Cloud-init v. 20.4.1-0ubuntu1~18.04.1 running 'modules:config' at Sun, 14 Feb 2021 22:31:56 +0000. Up 22.38 seconds.
ci-info: no authorized SSH keys fingerprints found for user ubuntu.
<14>Feb 14 22:31:58 ec2: 
<14>Feb 14 22:31:58 ec2: #############################################################
<14>Feb 14 22:31:58 ec2: -----BEGIN SSH HOST KEY FINGERPRINTS-----
<14>Feb 14 22:31:58 ec2: 1024 SHA256:U5Cjov6qZ5ZaWfdiO/Qz8nbcsoYu30OduMP5sm2NuJI root@ubuntu-bionic (DSA)
<14>Feb 14 22:31:58 ec2: 256 SHA256:SxKfuwgKqUKS8qOp9KD4XlRzxaT+E5AwKspSo/y801w root@ubuntu-bionic (ECDSA)
<14>Feb 14 22:31:58 ec2: 256 SHA256:4ryqpco4zD5/RVbjS+v/FcMZYLzHjNQ18RHi2YPAj/0 root@ubuntu-bionic (ED25519)
<14>Feb 14 22:31:58 ec2: 2048 SHA256:kWPOFsqc7Qlv6nCRgl4ju2c9ZpXX9fPVYLkJVyYQ9R4 root@ubuntu-bionic (RSA)
<14>Feb 14 22:31:58 ec2: -----END SSH HOST KEY FINGERPRINTS-----
<14>Feb 14 22:31:58 ec2: #############################################################
-----BEGIN SSH HOST KEY KEYS-----
ecdsa-sha2-nistp256 AAAAE2VjZHNhLXNoYTItbmlzdHAyNTYAAAAIbmlzdHAyNTYAAABBBG30jUiCxtkcCQGYuNbFFM7cgy8MCEgTeZzhaAnuvaeJbO8rJX3hqF0y3V0XqmJ+dXZiPUba9MTUYwXG3NEOitU= root@ubuntu-bionic
ssh-ed25519 AAAAC3NzaC1lZDI1NTE5AAAAIOegtYq4SVM20CUQfczq/oJx60qd37rEoIyxGehbYamm root@ubuntu-bionic
ssh-rsa AAAAB3NzaC1yc2EAAAADAQABAAABAQDFEUdTkWCCLF3EmXb5dH2t5d00JFAbgTetYP/joxwcxCazvWUFRj9uKR0wRrlxImp2ZMmlZg+/xfwVXmGoOVUNUsujDd7vGJYMzhmfFxlki3ckVNAafBqmWaj9//yb8Bmro0JadmEq5E8+nlz+ZravPgHIoqH9gSNjVQvr7G218lKNVABvadd8/r6E2pXemnbCIc67u6ybp1+TPdmMA5xdEnhpD48V50h4O+GxGREPI8DvUKyCl08S1qsTkDNV0PQGc7SJbBG5bgHHtNuQsIZW/FkPvd3CuifI2UnZ6Ipt187YCPkF/dnyFbvN9aHqQmQ3av88a3Rlz2yLTaUKt0Wn root@ubuntu-bionic
-----END SSH HOST KEY KEYS-----
[   24.490590] cloud-init[1653]: Cloud-init v. 20.4.1-0ubuntu1~18.04.1 running 'modules:final' at Sun, 14 Feb 2021 22:31:58 +0000. Up 24.15 seconds.
[   24.491179] cloud-init[1653]: ci-info: no authorized SSH keys fingerprints found for user ubuntu.
[   24.492437] cloud-init[1653]: Cloud-init v. 20.4.1-0ubuntu1~18.04.1 finished at Sun, 14 Feb 2021 22:31:58 +0000. Datasource DataSourceNoCloud [seed=/dev/sdb][dsmode=net].  Up 24.48 seconds
