[    0.000000] Linux version 4.15.0-135-generic (buildd@lgw01-amd64-005) (gcc version 7.5.0 (Ubuntu 7.5.0-3ubuntu1~18.04)) #139-Ubuntu SMP Mon Jan 18 17:38:24 UTC 2021 (Ubuntu 4.15.0-135.139-generic 4.15.18)
[    0.000000] Command line: BOOT_IMAGE=/boot/vmlinuz-4.15.0-135-generic root=LABEL=cloudimg-rootfs ro console=tty1 console=ttyS0
[    0.000000] KERNEL supported cpus:
[    0.000000]   Intel GenuineIntel
[    0.000000]   AMD AuthenticAMD
[    0.000000]   Centaur CentaurHauls
[    0.000000] x86/fpu: Supporting XSAVE feature 0x001: 'x87 floating point registers'
[    0.000000] x86/fpu: Supporting XSAVE feature 0x002: 'SSE registers'
[    0.000000] x86/fpu: Supporting XSAVE feature 0x004: 'AVX registers'
[    0.000000] x86/fpu: xstate_offset[2]:  576, xstate_sizes[2]:  256
[    0.000000] x86/fpu: Enabled xstate features 0x7, context size is 832 bytes, using 'standard' format.
[    0.000000] e820: BIOS-provided physical RAM map:
[    0.000000] BIOS-e820: [mem 0x0000000000000000-0x000000000009fbff] usable
[    0.000000] BIOS-e820: [mem 0x000000000009fc00-0x000000000009ffff] reserved
[    0.000000] BIOS-e820: [mem 0x00000000000f0000-0x00000000000fffff] reserved
[    0.000000] BIOS-e820: [mem 0x0000000000100000-0x000000003ffeffff] usable
[    0.000000] BIOS-e820: [mem 0x000000003fff0000-0x000000003fffffff] ACPI data
[    0.000000] BIOS-e820: [mem 0x00000000fec00000-0x00000000fec00fff] reserved
[    0.000000] BIOS-e820: [mem 0x00000000fee00000-0x00000000fee00fff] reserved
[    0.000000] BIOS-e820: [mem 0x00000000fffc0000-0x00000000ffffffff] reserved
[    0.000000] NX (Execute Disable) protection: active
[    0.000000] SMBIOS 2.5 present.
[    0.000000] DMI: innotek GmbH VirtualBox/VirtualBox, BIOS VirtualBox 12/01/2006
[    0.000000] Hypervisor detected: KVM
[    0.000000] e820: last_pfn = 0x3fff0 max_arch_pfn = 0x400000000
[    0.000000] MTRR: Disabled
[    0.000000] x86/PAT: MTRRs disabled, skipping PAT initialization too.
[    0.000000] CPU MTRRs all blank - virtualized system.
[    0.000000] x86/PAT: Configuration [0-7]: WB  WT  UC- UC  WB  WT  UC- UC  
[    0.000000] found SMP MP-table at [mem 0x0009fff0-0x0009ffff]
[    0.000000] Scanning 1 areas for low memory corruption
[    0.000000] RAMDISK: [mem 0x35a63000-0x36d28fff]
[    0.000000] ACPI: Early table checksum verification disabled
[    0.000000] ACPI: RSDP 0x00000000000E0000 000024 (v02 VBOX  )
[    0.000000] ACPI: XSDT 0x000000003FFF0030 00003C (v01 VBOX   VBOXXSDT 00000001 ASL  00000061)
[    0.000000] ACPI: FACP 0x000000003FFF00F0 0000F4 (v04 VBOX   VBOXFACP 00000001 ASL  00000061)
[    0.000000] ACPI: DSDT 0x000000003FFF0470 002325 (v02 VBOX   VBOXBIOS 00000002 INTL 20190509)
[    0.000000] ACPI: FACS 0x000000003FFF0200 000040
[    0.000000] ACPI: FACS 0x000000003FFF0200 000040
[    0.000000] ACPI: APIC 0x000000003FFF0240 00005C (v02 VBOX   VBOXAPIC 00000001 ASL  00000061)
[    0.000000] ACPI: SSDT 0x000000003FFF02A0 0001CC (v01 VBOX   VBOXCPUT 00000002 INTL 20190509)
[    0.000000] No NUMA configuration found
[    0.000000] Faking a node at [mem 0x0000000000000000-0x000000003ffeffff]
[    0.000000] NODE_DATA(0) allocated [mem 0x3ffc5000-0x3ffeffff]
[    0.000000] kvm-clock: cpu 0, msr 0:3ff44001, primary cpu clock
[    0.000000] kvm-clock: Using msrs 4b564d01 and 4b564d00
[    0.000000] kvm-clock: using sched offset of 3358117629 cycles
[    0.000000] clocksource: kvm-clock: mask: 0xffffffffffffffff max_cycles: 0x1cd42e4dffb, max_idle_ns: 881590591483 ns
[    0.000000] Zone ranges:
[    0.000000]   DMA      [mem 0x0000000000001000-0x0000000000ffffff]
[    0.000000]   DMA32    [mem 0x0000000001000000-0x000000003ffeffff]
[    0.000000]   Normal   empty
[    0.000000]   Device   empty
[    0.000000] Movable zone start for each node
[    0.000000] Early memory node ranges
[    0.000000]   node   0: [mem 0x0000000000001000-0x000000000009efff]
[    0.000000]   node   0: [mem 0x0000000000100000-0x000000003ffeffff]
[    0.000000] Reserved but unavailable: 98 pages
[    0.000000] Initmem setup node 0 [mem 0x0000000000001000-0x000000003ffeffff]
[    0.000000] ACPI: PM-Timer IO Port: 0x4008
[    0.000000] IOAPIC[0]: apic_id 2, version 32, address 0xfec00000, GSI 0-23
[    0.000000] ACPI: INT_SRC_OVR (bus 0 bus_irq 0 global_irq 2 dfl dfl)
[    0.000000] ACPI: INT_SRC_OVR (bus 0 bus_irq 9 global_irq 9 low level)
[    0.000000] Using ACPI (MADT) for SMP configuration information
[    0.000000] smpboot: Allowing 2 CPUs, 0 hotplug CPUs
[    0.000000] PM: Registered nosave memory: [mem 0x00000000-0x00000fff]
[    0.000000] PM: Registered nosave memory: [mem 0x0009f000-0x0009ffff]
[    0.000000] PM: Registered nosave memory: [mem 0x000a0000-0x000effff]
[    0.000000] PM: Registered nosave memory: [mem 0x000f0000-0x000fffff]
[    0.000000] e820: [mem 0x40000000-0xfebfffff] available for PCI devices
[    0.000000] Booting paravirtualized kernel on KVM
[    0.000000] clocksource: refined-jiffies: mask: 0xffffffff max_cycles: 0xffffffff, max_idle_ns: 7645519600211568 ns
[    0.000000] random: get_random_bytes called from start_kernel+0x99/0x500 with crng_init=0
[    0.000000] setup_percpu: NR_CPUS:8192 nr_cpumask_bits:2 nr_cpu_ids:2 nr_node_ids:1
[    0.000000] percpu: Embedded 45 pages/cpu s147456 r8192 d28672 u1048576
[    0.000000] PV qspinlock hash table entries: 256 (order: 0, 4096 bytes)
[    0.000000] Built 1 zonelists, mobility grouping on.  Total pages: 257913
[    0.000000] Policy zone: DMA32
[    0.000000] Kernel command line: BOOT_IMAGE=/boot/vmlinuz-4.15.0-135-generic root=LABEL=cloudimg-rootfs ro console=tty1 console=ttyS0
[    0.000000] Memory: 983020K/1048120K available (12300K kernel code, 2482K rwdata, 4276K rodata, 2440K init, 2724K bss, 65100K reserved, 0K cma-reserved)
[    0.000000] SLUB: HWalign=64, Order=0-3, MinObjects=0, CPUs=2, Nodes=1
[    0.000000] Kernel/User page tables isolation: enabled
[    0.000000] ftrace: allocating 39422 entries in 154 pages
[    0.004000] Hierarchical RCU implementation.
[    0.004000] 	RCU restricting CPUs from NR_CPUS=8192 to nr_cpu_ids=2.
[    0.004000] 	Tasks RCU enabled.
[    0.004000] RCU: Adjusting geometry for rcu_fanout_leaf=16, nr_cpu_ids=2
[    0.004000] NR_IRQS: 524544, nr_irqs: 440, preallocated irqs: 16
[    0.004000] Console: colour VGA+ 80x25
[    0.004000] console [tty1] enabled
[    0.004000] console [ttyS0] enabled
[    0.004000] ACPI: Core revision 20170831
[    0.004000] ACPI: 2 ACPI AML tables successfully acquired and loaded
[    0.004000] APIC: Switch to symmetric I/O mode setup
[    0.004000] x2apic enabled
[    0.004000] Switched APIC routing to physical x2apic.
[    0.004000] ..TIMER: vector=0x30 apic1=0 pin1=2 apic2=-1 pin2=-1
[    0.004000] tsc: Detected 1991.720 MHz processor
[    0.004000] Calibrating delay loop (skipped) preset value.. 3983.44 BogoMIPS (lpj=7966880)
[    0.004004] pid_max: default: 32768 minimum: 301
[    0.004568] Security Framework initialized
[    0.005063] Yama: becoming mindful.
[    0.005514] AppArmor: AppArmor initialized
[    0.006554] Dentry cache hash table entries: 131072 (order: 8, 1048576 bytes)
[    0.008000] Inode-cache hash table entries: 65536 (order: 7, 524288 bytes)
[    0.008000] Mount-cache hash table entries: 2048 (order: 2, 16384 bytes)
[    0.008008] Mountpoint-cache hash table entries: 2048 (order: 2, 16384 bytes)
[    0.009147] Last level iTLB entries: 4KB 64, 2MB 8, 4MB 8
[    0.009837] Last level dTLB entries: 4KB 64, 2MB 0, 4MB 0, 1GB 4
[    0.010524] Spectre V1 : Mitigation: usercopy/swapgs barriers and __user pointer sanitization
[    0.011620] Spectre V2 : Mitigation: Full generic retpoline
[    0.012003] Spectre V2 : Spectre v2 / SpectreRSB mitigation: Filling RSB on context switch
[    0.012948] Speculative Store Bypass: Vulnerable
[    0.013565] SRBDS: Unknown: Dependent on hypervisor status
[    0.014278] MDS: Mitigation: Clear CPU buffers
[    0.014948] Freeing SMP alternatives memory: 36K
[    0.125989] smpboot: CPU0: Intel(R) Core(TM) i7-8565U CPU @ 1.80GHz (family: 0x6, model: 0x8e, stepping: 0xc)
[    0.127290] Performance Events: unsupported p6 CPU model 142 no PMU driver, software events only.
[    0.128000] Hierarchical SRCU implementation.
[    0.128000] NMI watchdog: Perf event create on CPU 0 failed with -2
[    0.128002] NMI watchdog: Perf NMI watchdog permanently disabled
[    0.128762] smp: Bringing up secondary CPUs ...
[    0.129440] x86: Booting SMP configuration:
[    0.130929] .... node  #0, CPUs:      #1
[    0.004000] kvm-clock: cpu 1, msr 0:3ff44041, secondary cpu clock
[    0.136017] smp: Brought up 1 node, 2 CPUs
[    0.136509] smpboot: Max logical packages: 1
[    0.137023] smpboot: Total of 2 processors activated (7966.88 BogoMIPS)
[    0.137923] devtmpfs: initialized
[    0.140047] x86/mm: Memory block size: 128MB
[    0.140662] evm: security.selinux
[    0.141131] evm: security.SMACK64
[    0.141580] evm: security.SMACK64EXEC
[    0.142032] evm: security.SMACK64TRANSMUTE
[    0.142584] evm: security.SMACK64MMAP
[    0.143029] evm: security.apparmor
[    0.143447] evm: security.ima
[    0.144002] evm: security.capability
[    0.144584] clocksource: jiffies: mask: 0xffffffff max_cycles: 0xffffffff, max_idle_ns: 7645041785100000 ns
[    0.145104] futex hash table entries: 512 (order: 3, 32768 bytes)
[    0.146259] pinctrl core: initialized pinctrl subsystem
[    0.147035] RTC time: 20:52:15, date: 02/14/21
[    0.148166] NET: Registered protocol family 16
[    0.148868] audit: initializing netlink subsys (disabled)
[    0.149575] audit: type=2000 audit(1613335940.099:1): state=initialized audit_enabled=0 res=1
[    0.149575] cpuidle: using governor ladder
[    0.152009] cpuidle: using governor menu
[    0.152509] ACPI: bus type PCI registered
[    0.153036] acpiphp: ACPI Hot Plug PCI Controller Driver version: 0.5
[    0.153833] PCI: Using configuration type 1 for base access
[    0.154504] HugeTLB registered 2.00 MiB page size, pre-allocated 0 pages
[    0.156071] ACPI: Added _OSI(Module Device)
[    0.156643] ACPI: Added _OSI(Processor Device)
[    0.157242] ACPI: Added _OSI(3.0 _SCP Extensions)
[    0.157880] ACPI: Added _OSI(Processor Aggregator Device)
[    0.158590] ACPI: Added _OSI(Linux-Dell-Video)
[    0.159223] ACPI: Added _OSI(Linux-Lenovo-NV-HDMI-Audio)
[    0.160008] ACPI: Added _OSI(Linux-HPI-Hybrid-Graphics)
[    0.160932] ACPI: Executed 1 blocks of module-level executable AML code
[    0.164694] ACPI: Interpreter enabled
[    0.165337] ACPI: (supports S0 S5)
[    0.165870] ACPI: Using IOAPIC for interrupt routing
[    0.166652] PCI: Using host bridge windows from ACPI; if necessary, use "pci=nocrs" and report a bug
[    0.168000] ACPI: Enabled 2 GPEs in block 00 to 07
[    0.173017] ACPI: PCI Root Bridge [PCI0] (domain 0000 [bus 00-ff])
[    0.173840] acpi PNP0A03:00: _OSC: OS supports [ASPM ClockPM Segments MSI]
[    0.175033] acpi PNP0A03:00: _OSC: not requesting OS control; OS requires [ExtendedConfig ASPM ClockPM MSI]
[    0.176010] acpi PNP0A03:00: fail to add MMCONFIG information, can't access extended PCI configuration space under this bridge.
[    0.177566] PCI host bridge to bus 0000:00
[    0.178099] pci_bus 0000:00: root bus resource [io  0x0000-0x0cf7 window]
[    0.180000] pci_bus 0000:00: root bus resource [io  0x0d00-0xffff window]
[    0.180008] pci_bus 0000:00: root bus resource [mem 0x000a0000-0x000bffff window]
[    0.180895] pci_bus 0000:00: root bus resource [mem 0x40000000-0xfdffffff window]
[    0.181765] pci_bus 0000:00: root bus resource [bus 00-ff]
[    0.185635] pci 0000:00:01.1: legacy IDE quirk: reg 0x10: [io  0x01f0-0x01f7]
[    0.186517] pci 0000:00:01.1: legacy IDE quirk: reg 0x14: [io  0x03f6]
[    0.187306] pci 0000:00:01.1: legacy IDE quirk: reg 0x18: [io  0x0170-0x0177]
[    0.188002] pci 0000:00:01.1: legacy IDE quirk: reg 0x1c: [io  0x0376]
[    0.199747] pci 0000:00:07.0: quirk: [io  0x4000-0x403f] claimed by PIIX4 ACPI
[    0.200023] pci 0000:00:07.0: quirk: [io  0x4100-0x410f] claimed by PIIX4 SMB
[    0.207411] ACPI: PCI Interrupt Link [LNKA] (IRQs 5 9 10 *11)
[    0.208228] ACPI: PCI Interrupt Link [LNKB] (IRQs 5 9 *10 11)
[    0.209060] ACPI: PCI Interrupt Link [LNKC] (IRQs 5 *9 10 11)
[    0.209801] ACPI: PCI Interrupt Link [LNKD] (IRQs 5 9 10 *11)
[    0.210809] SCSI subsystem initialized
[    0.212019] pci 0000:00:02.0: vgaarb: setting as boot VGA device
[    0.212892] pci 0000:00:02.0: vgaarb: VGA device added: decodes=io+mem,owns=io+mem,locks=none
[    0.213931] pci 0000:00:02.0: vgaarb: bridge control possible
[    0.214655] vgaarb: loaded
[    0.215193] ACPI: bus type USB registered
[    0.215900] usbcore: registered new interface driver usbfs
[    0.216016] usbcore: registered new interface driver hub
[    0.216663] usbcore: registered new device driver usb
[    0.217297] EDAC MC: Ver: 3.0.0
[    0.217297] PCI: Using ACPI for IRQ routing
[    0.217297] NetLabel: Initializing
[    0.220006] NetLabel:  domain hash size = 128
[    0.220531] NetLabel:  protocols = UNLABELED CIPSOv4 CALIPSO
[    0.221294] NetLabel:  unlabeled traffic allowed by default
[    0.222012] clocksource: Switched to clocksource kvm-clock
[    0.228775] VFS: Disk quotas dquot_6.6.0
[    0.229503] VFS: Dquot-cache hash table entries: 512 (order 0, 4096 bytes)
[    0.230393] AppArmor: AppArmor Filesystem Enabled
[    0.231018] pnp: PnP ACPI init
[    0.232210] pnp: PnP ACPI: found 3 devices
[    0.240789] clocksource: acpi_pm: mask: 0xffffff max_cycles: 0xffffff, max_idle_ns: 2085701024 ns
[    0.241954] NET: Registered protocol family 2
[    0.242618] TCP established hash table entries: 8192 (order: 4, 65536 bytes)
[    0.243523] TCP bind hash table entries: 8192 (order: 5, 131072 bytes)
[    0.244759] TCP: Hash tables configured (established 8192 bind 8192)
[    0.245517] UDP hash table entries: 512 (order: 2, 16384 bytes)
[    0.246245] UDP-Lite hash table entries: 512 (order: 2, 16384 bytes)
[    0.247003] NET: Registered protocol family 1
[    0.247535] pci 0000:00:00.0: Limiting direct PCI/PCI transfers
[    0.248294] pci 0000:00:01.0: Activating ISA DMA hang workarounds
[    0.249118] pci 0000:00:02.0: Video device with shadowed ROM at [mem 0x000c0000-0x000dffff]
[    0.250340] Unpacking initramfs...
[    0.469338] Freeing initrd memory: 19224K
[    0.470041] clocksource: tsc: mask: 0xffffffffffffffff max_cycles: 0x396b40b0c55, max_idle_ns: 881590620371 ns
[    0.471246] platform rtc_cmos: registered platform RTC device (no PNP device found)
[    0.472346] Scanning for low memory corruption every 60 seconds
[    0.473595] Initialise system trusted keyrings
[    0.474140] Key type blacklist registered
[    0.474757] workingset: timestamp_bits=36 max_order=18 bucket_order=0
[    0.476157] zbud: loaded
[    0.476988] squashfs: version 4.0 (2009/01/31) Phillip Lougher
[    0.477799] fuse init (API version 7.26)
[    0.479879] Key type asymmetric registered
[    0.480406] Asymmetric key parser 'x509' registered
[    0.481006] Block layer SCSI generic (bsg) driver version 0.4 loaded (major 246)
[    0.481896] io scheduler noop registered
[    0.482387] io scheduler deadline registered
[    0.482916] io scheduler cfq registered (default)
[    0.483784] ACPI: AC Adapter [AC] (on-line)
[    0.484407] input: Power Button as /devices/LNXSYSTM:00/LNXPWRBN:00/input/input0
[    0.485520] ACPI: Power Button [PWRF]
[    0.486298] input: Sleep Button as /devices/LNXSYSTM:00/LNXSLPBN:00/input/input1
[    0.487302] ACPI: Sleep Button [SLPF]
[    0.488564] ACPI: Battery Slot [BAT0] (battery present)
[    0.489326] Serial: 8250/16550 driver, 32 ports, IRQ sharing enabled
[    0.510616] 00:02: ttyS0 at I/O 0x3f8 (irq = 4, base_baud = 115200) is a 16550A
[    0.513648] Linux agpgart interface v0.103
[    0.515488] loop: module loaded
[    0.516522] scsi host0: ata_piix
[    0.517078] scsi host1: ata_piix
[    0.517512] ata1: PATA max UDMA/33 cmd 0x1f0 ctl 0x3f6 bmdma 0xd000 irq 14
[    0.518280] ata2: PATA max UDMA/33 cmd 0x170 ctl 0x376 bmdma 0xd008 irq 15
[    0.519120] libphy: Fixed MDIO Bus: probed
[    0.519616] tun: Universal TUN/TAP device driver, 1.6
[    0.520305] PPP generic driver version 2.4.2
[    0.520904] ehci_hcd: USB 2.0 'Enhanced' Host Controller (EHCI) Driver
[    0.521637] ehci-pci: EHCI PCI platform driver
[    0.522177] ehci-platform: EHCI generic platform driver
[    0.522787] ohci_hcd: USB 1.1 'Open' Host Controller (OHCI) Driver
[    0.523484] ohci-pci: OHCI PCI platform driver
[    0.524015] ohci-platform: OHCI generic platform driver
[    0.524657] uhci_hcd: USB Universal Host Controller Interface driver
[    0.525413] i8042: PNP: PS/2 Controller [PNP0303:PS2K,PNP0f03:PS2M] at 0x60,0x64 irq 1,12
[    0.526732] serio: i8042 KBD port at 0x60,0x64 irq 1
[    0.527327] serio: i8042 AUX port at 0x60,0x64 irq 12
[    0.528163] mousedev: PS/2 mouse device common for all mice
[    0.529387] rtc_cmos rtc_cmos: rtc core: registered rtc_cmos as rtc0
[    0.530185] input: AT Translated Set 2 keyboard as /devices/platform/i8042/serio0/input/input2
[    0.531213] rtc_cmos rtc_cmos: alarms up to one day, 114 bytes nvram
[    0.532060] i2c /dev entries driver
[    0.532525] device-mapper: uevent: version 1.0.3
[    0.533157] device-mapper: ioctl: 4.37.0-ioctl (2017-09-20) initialised: dm-devel@redhat.com
[    0.534201] ledtrig-cpu: registered to indicate activity on CPUs
[    0.535228] NET: Registered protocol family 10
[    0.538840] Segment Routing with IPv6
[    0.539372] NET: Registered protocol family 17
[    0.539951] Key type dns_resolver registered
[    0.540695] mce: Using 0 MCE banks
[    0.541124] RAS: Correctable Errors collector initialized.
[    0.541772] sched_clock: Marking stable (540676115, 0)->(653208968, -112532853)
[    0.543130] registered taskstats version 1
[    0.543627] Loading compiled-in X.509 certificates
[    0.546148] Loaded X.509 cert 'Build time autogenerated kernel key: 399a566a2ea98257ce6f7132c633527e9761cd56'
[    0.547447] zswap: loaded using pool lzo/zbud
[    0.551564] Key type big_key registered
[    0.552199] Key type trusted registered
[    0.554146] Key type encrypted registered
[    0.554675] AppArmor: AppArmor sha1 policy hashing enabled
[    0.555309] ima: No TPM chip found, activating TPM-bypass! (rc=-19)
[    0.556037] ima: Allocated hash algorithm: sha1
[    0.556590] evm: HMAC attrs: 0x1
[    0.557167]   Magic number: 9:488:902
[    0.557631] acpi PNP0501:02: hash matches
[    0.558162] rtc_cmos rtc_cmos: setting system clock to 2021-02-14 20:52:16 UTC (1613335936)
[    0.559191] BIOS EDD facility v0.16 2004-Jun-25, 0 devices found
[    0.559871] EDD information not available.
[    0.711562] Freeing unused kernel image memory: 2440K
[    1.097375] Write protecting the kernel read-only data: 20480k
[    1.101410] Freeing unused kernel image memory: 2008K
[    1.104314] Freeing unused kernel image memory: 1868K
[    1.124842] x86/mm: Checked W+X mappings: passed, no W+X pages found.
[    1.126613] x86/mm: Checking user space page tables
[    1.137852] x86/mm: Checked W+X mappings: passed, no W+X pages found.
Loading, please wait...
starting version 237
[    1.190058] Fusion MPT base driver 3.04.20
[    1.190687] Copyright (c) 1999-2008 LSI Corporation
[    1.193743] Fusion MPT SPI Host driver 3.04.20
[    1.196726] e1000: Intel(R) PRO/1000 Network Driver - version 7.3.21-k8-NAPI
[    1.197604] e1000: Copyright (c) 1999-2006 Intel Corporation.
[    1.198604] mptbase: ioc0: Initiating bringup
[    1.213748] AVX2 version of gcm_enc/dec engaged.
[    1.214368] AES CTR mode by8 optimization enabled
[    1.418666] ioc0: LSI53C1030 A0: Capabilities={Initiator}
[    1.433904] input: ImExPS/2 Generic Explorer Mouse as /devices/platform/i8042/serio1/input/input4
[    3.537729] scsi host2: ioc0: LSI53C1030 A0, FwRev=00000000h, Ports=1, MaxQ=256, IRQ=20
[    5.473025] scsi 2:0:0:0: Direct-Access     VBOX     HARDDISK         1.0  PQ: 0 ANSI: 5
[    5.516290] scsi target2:0:0: Beginning Domain Validation
[    5.522700] scsi target2:0:0: Domain Validation skipping write tests
[    5.526069] scsi target2:0:0: Ending Domain Validation
[    5.528868] scsi target2:0:0: asynchronous
[    5.531890] scsi 2:0:1:0: Direct-Access     VBOX     HARDDISK         1.0  PQ: 0 ANSI: 5
[    5.832159] scsi target2:0:1: Beginning Domain Validation
[    5.836577] random: fast init done
[    5.838064] scsi target2:0:1: Domain Validation skipping write tests
[    5.841089] scsi target2:0:1: Ending Domain Validation
[    5.843720] scsi target2:0:1: asynchronous
[    5.851601] random: systemd-udevd: uninitialized urandom read (16 bytes read)
[    5.854431] sd 2:0:0:0: Attached scsi generic sg0 type 0
[    5.854467] random: systemd-udevd: uninitialized urandom read (16 bytes read)
[    5.858592] e1000 0000:00:03.0 eth0: (PCI:33MHz:32-bit) 02:54:31:68:18:3c
[    5.860519] e1000 0000:00:03.0 eth0: Intel(R) PRO/1000 Network Connection
[    5.862158] sd 2:0:0:0: [sda] 83886080 512-byte logical blocks: (42.9 GB/40.0 GiB)
[    5.862208] sd 2:0:1:0: Attached scsi generic sg1 type 0
[    5.864189] random: systemd-udevd: uninitialized urandom read (16 bytes read)
[    5.867011] sd 2:0:0:0: [sda] Write Protect is off
[    5.868070] sd 2:0:1:0: [sdb] 20480 512-byte logical blocks: (10.5 MB/10.0 MiB)
[    5.869664] sd 2:0:0:0: [sda] Incomplete mode parameter data
[    5.870669] sd 2:0:0:0: [sda] Assuming drive cache: write through
[    5.871767] sd 2:0:1:0: [sdb] Write Protect is off
[    5.873154] sd 2:0:1:0: [sdb] Incomplete mode parameter data
[    5.874295]  sda: sda1
[    5.874345] sd 2:0:1:0: [sdb] Assuming drive cache: write through
[    5.877214] sd 2:0:0:0: [sda] Attached SCSI disk
[    5.932032] sd 2:0:1:0: [sdb] Attached SCSI disk
[    6.513863] e1000 0000:00:08.0 eth1: (PCI:33MHz:32-bit) 08:00:27:35:1f:65
[    6.516362] e1000 0000:00:08.0 eth1: Intel(R) PRO/1000 Network Connection
[    6.521574] e1000 0000:00:08.0 enp0s8: renamed from eth1
[    6.540786] e1000 0000:00:03.0 enp0s3: renamed from eth0
Begin: Loading essential drivers ... [    7.908058] raid6: sse2x1   gen() 14021 MB/s
[    7.956074] raid6: sse2x1   xor()  8198 MB/s
[    8.004092] raid6: sse2x2   gen() 17392 MB/s
[    8.052036] raid6: sse2x2   xor() 11033 MB/s
[    8.100013] raid6: sse2x4   gen() 18234 MB/s
[    8.148051] raid6: sse2x4   xor() 10813 MB/s
[    8.196068] raid6: avx2x1   gen() 27971 MB/s
[    8.244108] raid6: avx2x1   xor() 16418 MB/s
[    8.292061] raid6: avx2x2   gen() 32669 MB/s
[    8.340061] raid6: avx2x2   xor() 21332 MB/s
[    8.388056] raid6: avx2x4   gen() 36416 MB/s
[    8.436062] raid6: avx2x4   xor() 22231 MB/s
[    8.436673] raid6: using algorithm avx2x4 gen() 36416 MB/s
[    8.437340] raid6: .... xor() 22231 MB/s, rmw enabled
[    8.437948] raid6: using avx2x2 recovery algorithm
[    8.439197] xor: automatically using best checksumming function   avx       
[    8.440875] async_tx: api initialized (async)
done.
Begin: Running /scripts/init-premount ... done.
Begin: Mounting root file system ... Begin: Running /scripts/local-top ... done.
Begin: Running /scripts/local-premount ... [    8.477945] Btrfs loaded, crc32c=crc32c-intel
Scanning for Btrfs filesystems
done.
Warning: fsck not present, so skipping root file system
[    8.534448] EXT4-fs (sda1): mounted filesystem with ordered data mode. Opts: (null)
done.
Begin: Running /scripts/local-bottom ... done.
Begin: Running /scripts/init-bottom ... done.
[    9.490692] ip_tables: (C) 2000-2006 Netfilter Core Team
[    9.555387] systemd[1]: systemd 237 running in system mode. (+PAM +AUDIT +SELINUX +IMA +APPARMOR +SMACK +SYSVINIT +UTMP +LIBCRYPTSETUP +GCRYPT +GNUTLS +ACL +XZ +LZ4 +SECCOMP +BLKID +ELFUTILS +KMOD -IDN2 +IDN -PCRE2 default-hierarchy=hybrid)
[    9.565366] systemd[1]: Detected virtualization oracle.
[    9.567551] systemd[1]: Detected architecture x86-64.

Welcome to [1mUbuntu 18.04.5 LTS[0m!

[    9.609253] systemd[1]: Set hostname to <ubuntu>.
[    9.620591] systemd[1]: Initializing machine ID from random generator.
[    9.623177] systemd[1]: Installed transient /etc/machine-id file.
[   10.221961] random: crng init done
[   10.223873] random: 7 urandom warning(s) missed due to ratelimiting
[   10.465258] systemd[1]: Reached target System Time Synchronized.
[[0;32m  OK  [0m] Reached target System Time Synchronized.
[   10.469804] systemd[1]: Set up automount Arbitrary Executable File Formats File System Automount Point.
[[0;32m  OK  [0m] Set up automount Arbitrary Executab…rmats File System Automount Point.
[   10.476416] systemd[1]: Created slice System Slice.
[[0;32m  OK  [0m] Created slice System Slice.
[   10.478425] systemd[1]: Listening on /dev/initctl Compatibility Named Pipe.
[[0;32m  OK  [0m] Listening on /dev/initctl Compatibility Named Pipe.
[[0;32m  OK  [0m] Listening on LVM2 metadata daemon socket.
[[0;32m  OK  [0m] Listening on udev Control Socket.
[[0;32m  OK  [0m] Listening on Network Service Netlink Socket.
[[0;32m  OK  [0m] Listening on Device-mapper event daemon FIFOs.
[[0;32m  OK  [0m] Listening on Syslog Socket.
[[0;32m  OK  [0m] Listening on Journal Audit Socket.
[[0;32m  OK  [0m] Listening on Journal Socket.
         Starting Uncomplicated firewall...
         Starting Load Kernel Modules...
         Mounting Kernel Debug File System...
         Starting Remount Root and Kernel File Systems...
[   10.515124] Loading iSCSI transport class v2.0-870.
[[0;32m  OK  [0m] Listening on Journal Socket (/dev/log).
         Starting Set the console keyboard layout...
         Starting Monitoring of LVM2 mirrors…ng dmeventd or progress polling...
         Starting Journal Service...
[[0;32m  OK  [0m] Listening on LVM2 poll daemon socket.
         Starting Create list of required st…ce nodes for the current kernel...
         Mounting Huge Pages File System...
[[0;32m  OK  [0m] Created slice User and Session Slice.
[[0;32m  OK  [0m] Reached target Slices.
[[0;32m  OK  [0m] Started Forward Password Requests to Wall Directory Watch.
[[0;32m  OK  [0m] Reached target Swap.
[[0;32m  OK  [0m] Listening on udev Kernel Socket.
         Starting udev Coldplug all Devices...
[[0;32m  OK  [0m] Reached target User and Group Name Lookups.
[[0;32m  OK  [0m] Created slice system-serial\x2dgetty.slice.
         Mounting POSIX Message Queue File System...
[[0;32m  OK  [0m] Started Uncomplicated firewall.
[[0;32m  OK  [0m] Mounted Kernel Debug File System.
[[0;32m  OK  [0m] Mounted Huge Pages File System.
[[0;32m  OK  [0m] Mounted POSIX Message Queue File System.
[   10.581024] iscsi: registered transport (tcp)
[[0;32m  OK  [0m] Started Create list of required sta…vice nodes for the current kernel.
         Starting Create Static Device Nodes in /dev...
[   10.760094] EXT4-fs (sda1): re-mounted. Opts: (null)
[[0;32m  OK  [0m] Started Remount Root and Kernel File Systems.
         Starting Load/Save Random Seed...
[[0;32m  OK  [0m] Started Journal Service.
[[0;32m  OK  [0m] Started Create Static Device Nodes in /dev.
[[0;32m  OK  [0m] Started udev Coldplug all Devices.
[[0;32m  OK  [0m] Started LVM2 metadata daemon.
         Starting udev Kernel Device Manager...
         Starting Flush Journal to Persistent Storage...
[[0;32m  OK  [0m] Started Load/Save Random Seed.
[   10.930117] systemd-journald[413]: Received request to flush runtime journal from PID 1
[   10.984785] iscsi: registered transport (iser)
[[0;32m  OK  [0m] Started Load Kernel Modules.
         Starting Apply Kernel Variables...
         Mounting Kernel Configuration File System...
         Mounting FUSE Control File System...
[[0;32m  OK  [0m] Mounted FUSE Control File System.
[[0;32m  OK  [0m] Mounted Kernel Configuration File System.
[[0;32m  OK  [0m] Started Set the console keyboard layout.
[[0;32m  OK  [0m] Started udev Kernel Device Manager.
[[0;32m  OK  [0m] Started Dispatch Password Requests to Console Directory Watch.
[[0;32m  OK  [0m] Reached target Local Encrypted Volumes.
[[0;32m  OK  [0m] Started Apply Kernel Variables.
[[0;32m  OK  [0m] Started Monitoring of LVM2 mirrors,…sing dmeventd or progress polling.
[[0;32m  OK  [0m] Reached target Local File Systems (Pre).
[[0;32m  OK  [0m] Reached target Local File Systems.
         Starting Commit a transient machine-id on disk...
         Starting Set console font and keymap...
         Starting AppArmor initialization...
         Starting ebtables ruleset management...
         Starting Tell Plymouth To Write Out Runtime Data...
[[0;32m  OK  [0m] Started Flush Journal to Persistent Storage.
         Starting Create Volatile Files and Directories...
[[0;32m  OK  [0m] Started Set console font and keymap.
[[0;32m  OK  [0m] Started Tell Plymouth To Write Out Runtime Data.
[[0;32m  OK  [0m] Started Create Volatile Files and Directories.
         Starting Update UTMP about System Boot/Shutdown...
[[0;32m  OK  [0m] Started Update UTMP about System Boot/Shutdown.
[[0;32m  OK  [0m] Started Commit a transient machine-id on disk.
[[0;32m  OK  [0m] Found device /dev/ttyS0.
[[0;32m  OK  [0m] Started ebtables ruleset management.
[[0;32m  OK  [0m] Listening on Load/Save RF Kill Switch Status /dev/rfkill Watch.
[[0;32m  OK  [0m] Started AppArmor initialization.
         Starting Load AppArmor profiles managed internally by snapd...
         Starting Initial cloud-init job (pre-networking)...
[[0;32m  OK  [0m] Started Load AppArmor profiles managed internally by snapd.
[   14.826069] cloud-init[547]: Cloud-init v. 20.4.1-0ubuntu1~18.04.1 running 'init-local' at Sun, 14 Feb 2021 20:52:29 +0000. Up 14.04 seconds.
[[0;32m  OK  [0m] Started Initial cloud-init job (pre-networking).
[[0;32m  OK  [0m] Reached target Network (Pre).
         Starting Network Service...
[[0;32m  OK  [0m] Started Network Service.
         Starting Wait for Network to be Configured...
         Starting Network Name Resolution...
[[0;32m  OK  [0m] Started Network Name Resolution.
[[0;32m  OK  [0m] Reached target Host and Network Name Lookups.
[[0;32m  OK  [0m] Reached target Network.
[[0;32m  OK  [0m] Started Wait for Network to be Configured.
         Starting Initial cloud-init job (metadata service crawler)...
[   16.654494] cloud-init[664]: Cloud-init v. 20.4.1-0ubuntu1~18.04.1 running 'init' at Sun, 14 Feb 2021 20:52:32 +0000. Up 16.55 seconds.
[   16.655493] cloud-init[664]: ci-info: ++++++++++++++++++++++++++++++++++++++Net device info+++++++++++++++++++++++++++++++++++++++
[   16.656574] cloud-init[664]: ci-info: +--------+-------+----------------------------+---------------+--------+-------------------+
[   16.657633] cloud-init[664]: ci-info: | Device |   Up  |          Address           |      Mask     | Scope  |     Hw-Address    |
[   16.658702] cloud-init[664]: ci-info: +--------+-------+----------------------------+---------------+--------+-------------------+
[   16.659901] cloud-init[664]: ci-info: | enp0s3 |  True |         10.0.2.15          | 255.255.255.0 | global | 02:54:31:68:18:3c |
[   16.660905] cloud-init[664]: ci-info: | enp0s3 |  True | fe80::54:31ff:fe68:183c/64 |       .       |  link  | 02:54:31:68:18:3c |
[   16.661910] cloud-init[664]: ci-info: | enp0s8 | False |             .              |       .       |   .    | 08:00:27:35:1f:65 |
[   16.662883] cloud-init[664]: ci-info: |   lo   |  True |         127.0.0.1          |   255.0.0.0   |  host  |         .         |
[   16.663916] cloud-init[664]: ci-info: |   lo   |  True |          ::1/128           |       .       |  host  |         .         |
[   16.664956] cloud-init[664]: ci-info: +--------+-------+----------------------------+---------------+--------+-------------------+
[   16.665991] cloud-init[664]: ci-info: ++++++++++++++++++++++++++++Route IPv4 info+++++++++++++++++++++++++++++
[   16.666814] cloud-init[664]: ci-info: +-------+-------------+----------+-----------------+-----------+-------+
[   16.667639] cloud-init[664]: ci-info: | Route | Destination | Gateway  |     Genmask     | Interface | Flags |
[   16.668587] cloud-init[664]: ci-info: +-------+-------------+----------+-----------------+-----------+-------+
[   16.669418] cloud-init[664]: ci-info: |   0   |   0.0.0.0   | 10.0.2.2 |     0.0.0.0     |   enp0s3  |   UG  |
[   16.670317] cloud-init[664]: ci-info: |   1   |   10.0.2.0  | 0.0.0.0  |  255.255.255.0  |   enp0s3  |   U   |
[   16.671260] cloud-init[664]: ci-info: |   2   |   10.0.2.2  | 0.0.0.0  | 255.255.255.255 |   enp0s3  |   UH  |
[   16.672377] cloud-init[664]: ci-info: +-------+-------------+----------+-----------------+-----------+-------+
[   16.673363] cloud-init[664]: ci-info: +++++++++++++++++++Route IPv6 info+++++++++++++++++++
[   16.674261] cloud-init[664]: ci-info: +-------+-------------+---------+-----------+-------+
[   16.675154] cloud-init[664]: ci-info: | Route | Destination | Gateway | Interface | Flags |
[   16.676049] cloud-init[664]: ci-info: +-------+-------------+---------+-----------+-------+
[   16.676976] cloud-init[664]: ci-info: |   1   |  fe80::/64  |    ::   |   enp0s3  |   U   |
[   16.677818] cloud-init[664]: ci-info: |   3   |    local    |    ::   |   enp0s3  |   U   |
[   16.678580] cloud-init[664]: ci-info: |   4   |   ff00::/8  |    ::   |   enp0s3  |   U   |
[   16.679345] cloud-init[664]: ci-info: +-------+-------------+---------+-----------+-------+
[   18.097979] cloud-init[664]: Generating public/private rsa key pair.
[   18.098655] cloud-init[664]: Your identification has been saved in /etc/ssh/ssh_host_rsa_key.
[   18.099455] cloud-init[664]: Your public key has been saved in /etc/ssh/ssh_host_rsa_key.pub.
[   18.100225] cloud-init[664]: The key fingerprint is:
[   18.100701] cloud-init[664]: SHA256:2+vSkbIbQDI2ESlSSfWiW/fvEdUw72mrgWK3JwTeOGQ root@ubuntu-bionic
[   18.101497] cloud-init[664]: The key's randomart image is:
[   18.102000] cloud-init[664]: +---[RSA 2048]----+
[   18.102448] cloud-init[664]: | ooo+o      o    |
[   18.102886] cloud-init[664]: |. o .o       =   |
[   18.103294] cloud-init[664]: | . .* o     . o  |
[   18.103741] cloud-init[664]: |   o *  E  . . . |
[   18.104178] cloud-init[664]: |  . . o+S+..  +  |
[   18.104634] cloud-init[664]: |   o . o=o=o . . |
[   18.105082] cloud-init[664]: |  .     **=.. .  |
[   18.105534] cloud-init[664]: |       .o=o+.o   |
[   18.105961] cloud-init[664]: |        .=*o.    |
[   18.106398] cloud-init[664]: +----[SHA256]-----+
[   18.106832] cloud-init[664]: Generating public/private dsa key pair.
[   18.107402] cloud-init[664]: Your identification has been saved in /etc/ssh/ssh_host_dsa_key.
[   18.108132] cloud-init[664]: Your public key has been saved in /etc/ssh/ssh_host_dsa_key.pub.
[   18.108867] cloud-init[664]: The key fingerprint is:
[   18.109333] cloud-init[664]: SHA256:wtFqOU5BIcY5N3plU/rRLAzOQfOn6rFTMswQ6BCZXAQ root@ubuntu-bionic
[   18.110085] cloud-init[664]: The key's randomart image is:
[   18.110566] cloud-init[664]: +---[DSA 1024]----+
[   18.111012] cloud-init[664]: | .EO=ooo=..      |
[   18.111452] cloud-init[664]: |  =.=o+++B o     |
[   18.111863] cloud-init[664]: |   o +o==.= +    |
[   18.112300] cloud-init[664]: |    o.o= . =     |
[   18.112709] cloud-init[664]: |     .O+S o      |
[   18.113118] cloud-init[664]: |     + o=..      |
[   18.113529] cloud-init[664]: |      . o+       |
[   18.113954] cloud-init[664]: |       ..o       |
[   18.114410] cloud-init[664]: |        o.       |
[   18.114866] cloud-init[664]: +----[SHA256]-----+
[   18.115333] cloud-init[664]: Generating public/private ecdsa key pair.
[   18.115947] cloud-init[664]: Your identification has been saved in /etc/ssh/ssh_host_ecdsa_key.
[   18.116798] cloud-init[664]: Your public key has been saved in /etc/ssh/ssh_host_ecdsa_key.pub.
[   18.117596] cloud-init[664]: The key fingerprint is:
[   18.118124] cloud-init[664]: SHA256:sBaLDPKVobg9x9qMSmk7EHvLOww6rhN2S9ic3GCxf40 root@ubuntu-bionic
[   18.118960] cloud-init[664]: The key's randomart image is:
[   18.119445] cloud-init[664]: +---[ECDSA 256]---+
[   18.120006] cloud-init[664]: |    .            |
[   18.120514] cloud-init[664]: | . o o           |
[   18.121004] cloud-init[664]: |o o = o          |
[   18.121501] cloud-init[664]: |.= O . =         |
[   18.121983] cloud-init[664]: |.oX X + S        |
[   18.122414] cloud-init[664]: |=oo# + E .       |
[   18.122778] cloud-init[664]: |+X=.+ .          |
[   18.123269] cloud-init[664]: |*o*.             |
[   18.123808] cloud-init[664]: |==oo             |
[   18.124283] cloud-init[664]: +----[SHA256]-----+
[   18.124647] cloud-init[664]: Generating public/private ed25519 key pair.
[   18.125302] cloud-init[664]: Your identification has been saved in /etc/ssh/ssh_host_ed25519_key.
[   18.126010] cloud-init[664]: Your public key has been saved in /etc/ssh/ssh_host_ed25519_key.pub.
[   18.127067] cloud-init[664]: The key fingerprint is:
[   18.127692] cloud-init[664]: SHA256:zDzHzB6+0QEjApS94pq0aEeoi35VUB7dZHbIFXPH8Wo root@ubuntu-bionic
[   18.128561] cloud-init[664]: The key's randomart image is:
[   18.129046] cloud-init[664]: +--[ED25519 256]--+
[   18.129474] cloud-init[664]: |   .oo.o. ++o=.+o|
[   18.129897] cloud-init[664]: |    .oo ..o+. o +|
[   18.130362] cloud-init[664]: |      oo. o     .|
[   18.130787] cloud-init[664]: |    . .* = o   . |
[   18.131179] cloud-init[664]: |  .. .. S * . E  |
[   18.131579] cloud-init[664]: | .....   = o o   |
[   18.132036] cloud-init[664]: |.o.+.     + .    |
[   18.132530] cloud-init[664]: |+.+o       o     |
[   18.132945] cloud-init[664]: |=oo       .      |
[   18.133410] cloud-init[664]: +----[SHA256]-----+
[[0;32m  OK  [0m] Started Initial cloud-init job (metadata service crawler).
[[0;32m  OK  [0m] Reached target Cloud-config availability.
[[0;32m  OK  [0m] Reached target Network is Online.
[[0;32m  OK  [0m] Reached target Remote File Systems (Pre).
[[0;32m  OK  [0m] Reached target Remote File Systems.
         Starting Availability of block devices...
[[0;32m  OK  [0m] Reached target System Initialization.
[[0;32m  OK  [0m] Started Daily Cleanup of Temporary Directories.
[[0;32m  OK  [0m] Started Message of the Day.
[[0;32m  OK  [0m] Started ACPI Events Check.
[[0;32m  OK  [0m] Reached target Paths.
         Starting Socket activation for snappy daemon.
[[0;32m  OK  [0m] Listening on ACPID Listen Socket.
[[0;32m  OK  [0m] Listening on D-Bus System Message Bus Socket.
[[0;32m  OK  [0m] Listening on UUID daemon activation socket.
[[0;32m  OK  [0m] Listening on Open-iSCSI iscsid Socket.
         Starting LXD - unix socket.
[[0;32m  OK  [0m] Started Discard unused blocks once a week.
[[0;32m  OK  [0m] Started Daily apt download activities.
[[0;32m  OK  [0m] Started Daily apt upgrade and clean activities.
[[0;32m  OK  [0m] Reached target Timers.
[[0;32m  OK  [0m] Started Availability of block devices.
[[0;32m  OK  [0m] Listening on Socket activation for snappy daemon.
[[0;32m  OK  [0m] Listening on LXD - unix socket.
[[0;32m  OK  [0m] Reached target Sockets.
[[0;32m  OK  [0m] Reached target Basic System.
         Starting Pollinate to seed the pseudo random number generator...
[[0;32m  OK  [0m] Started Regular background program processing daemon.
         Starting LSB: automatic crash report generation...
[[0;32m  OK  [0m] Started Deferred execution scheduler.
         Starting Login Service...
[[0;32m  OK  [0m] Started FUSE filesystem for LXC.
         Starting Accounts Service...
         Starting Virtualbox guest utils...
[[0;32m  OK  [0m] Started D-Bus System Message Bus.
         Starting LSB: Record successful boot for GRUB...
         Starting LXD - container startup/shutdown...
         Starting System Logging Service...
         Starting Dispatcher daemon for systemd-networkd...
         Starting Permit User Sessions...
[[0;32m  OK  [0m] Started irqbalance daemon.
         Starting Snap Daemon...
[[0;32m  OK  [0m] Started Permit User Sessions.
[[0;32m  OK  [0m] Started Login Service.
         Starting Authorization Manager...
[[0;32m  OK  [0m] Started Unattended Upgrades Shutdown.
         Starting Terminate Plymouth Boot Screen...
         Starting Hold until boot process finishes up...
[[0;32m  OK  [0m] Started Hold until boot process finishes up.
[[0;32m  OK  [0m] Started Serial Getty on ttyS0.
         Starting Set console scheme...
[[0;32m  OK  [0m] Started System Logging Service.
[[0;32m  OK  [0m] Started Terminate Plymouth Boot Screen.
[[0;32m  OK  [0m] Started LSB: automatic crash report generation.
[[0;32m  OK  [0m] Started Authorization Manager.
[[0;32m  OK  [0m] Started Accounts Service.
[[0;32m  OK  [0m] Started Set console scheme.
[[0;32m  OK  [0m] Created slice system-getty.slice.
[[0;32m  OK  [0m] Started Getty on tty1.
[[0;32m  OK  [0m] Reached target Login Prompts.
[[0;32m  OK  [0m] Started LSB: Record successful boot for GRUB.
[[0;32m  OK  [0m] Started Virtualbox guest utils.
[[0;32m  OK  [0m] Started LXD - container startup/shutdown.
[[0;32m  OK  [0m] Started Dispatcher daemon for systemd-networkd.
[[0;32m  OK  [0m] Started Snap Daemon.
         Starting Wait until snapd is fully seeded...
[[0;32m  OK  [0m] Started Pollinate to seed the pseudo random number generator.
         Starting OpenBSD Secure Shell server...
[[0;32m  OK  [0m] Started OpenBSD Secure Shell server.
[[0;32m  OK  [0m] Created slice User Slice of vagrant.
[[0;32m  OK  [0m] Started Session 1 of user vagrant.
         Starting User Manager for UID 1000...
[[0;32m  OK  [0m] Started User Manager for UID 1000.

Ubuntu 18.04.5 LTS ubuntu-bionic ttyS0

ubuntu-bionic login: [   28.389551] cloud-init[1607]: Cloud-init v. 20.4.1-0ubuntu1~18.04.1 running 'modules:config' at Sun, 14 Feb 2021 20:52:43 +0000. Up 27.44 seconds.
ci-info: no authorized SSH keys fingerprints found for user ubuntu.
<14>Feb 14 20:52:44 ec2: 
<14>Feb 14 20:52:44 ec2: #############################################################
<14>Feb 14 20:52:44 ec2: -----BEGIN SSH HOST KEY FINGERPRINTS-----
<14>Feb 14 20:52:44 ec2: 1024 SHA256:wtFqOU5BIcY5N3plU/rRLAzOQfOn6rFTMswQ6BCZXAQ root@ubuntu-bionic (DSA)
<14>Feb 14 20:52:44 ec2: 256 SHA256:sBaLDPKVobg9x9qMSmk7EHvLOww6rhN2S9ic3GCxf40 root@ubuntu-bionic (ECDSA)
<14>Feb 14 20:52:44 ec2: 256 SHA256:zDzHzB6+0QEjApS94pq0aEeoi35VUB7dZHbIFXPH8Wo root@ubuntu-bionic (ED25519)
<14>Feb 14 20:52:44 ec2: 2048 SHA256:2+vSkbIbQDI2ESlSSfWiW/fvEdUw72mrgWK3JwTeOGQ root@ubuntu-bionic (RSA)
<14>Feb 14 20:52:44 ec2: -----END SSH HOST KEY FINGERPRINTS-----
<14>Feb 14 20:52:44 ec2: #############################################################
-----BEGIN SSH HOST KEY KEYS-----
ecdsa-sha2-nistp256 AAAAE2VjZHNhLXNoYTItbmlzdHAyNTYAAAAIbmlzdHAyNTYAAABBBEwPo1+9fvKbn500Xn2TvzcmbksDkU+oZWPSGXDNDBpdpn2HYqjhPTrRSSni3heGEUvjx0lGVUf53SP1GCTeVKY= root@ubuntu-bionic
ssh-ed25519 AAAAC3NzaC1lZDI1NTE5AAAAIDrRy24TScDEPOiUF3Xhw/gtUYhelrX/oI9aG5y+acQU root@ubuntu-bionic
ssh-rsa AAAAB3NzaC1yc2EAAAADAQABAAABAQDPFIDhfQuGGZ35+drihPut/vAKRQU5CWJ7RFB3JiMcH/F63dTdoE46vdgbdkJZla7sO7w/ONLC5+1g8dWpTZzZ7J0hKQbvR3LFgELL10FYcs9G3LW1do4IaMVNBTck99Bn062DHAAltWsYDZtm1TxB1Tgn5bWbTnqVsip30mfbQDUEjYDJ4K1eGUNGD8Jbgnah2VlRO1+D8aOtRNDR9Pt+/Qm0PD4FKt6IM8Rl5druNurE0ZrO2s/O0bZVvz/omOrySQ0+QUwAvM19pYETJmJrYfc1RL6YLLrdhHA5AClw+ZGaKEVdocTxrRbDyvZstHrC3CosmmvUenab0k8hkcPv root@ubuntu-bionic
-----END SSH HOST KEY KEYS-----
[   28.917836] cloud-init[1758]: Cloud-init v. 20.4.1-0ubuntu1~18.04.1 running 'modules:final' at Sun, 14 Feb 2021 20:52:44 +0000. Up 28.75 seconds.
[   28.917912] cloud-init[1758]: ci-info: no authorized SSH keys fingerprints found for user ubuntu.
[   28.917942] cloud-init[1758]: Cloud-init v. 20.4.1-0ubuntu1~18.04.1 finished at Sun, 14 Feb 2021 20:52:44 +0000. Datasource DataSourceNoCloud [seed=/dev/sdb][dsmode=net].  Up 28.91 seconds
